file name | last modified | file size
/oak/stanford/groups/gentzkow/jccp/sherlock_test/lib/gslab_make/docs/_sources/pages/api/move_sources/gslab_make.move_sources.copy_inputs.rst.txt | 2022-07-28 18:23:28 | 99
/oak/stanford/groups/gentzkow/jccp/sherlock_test/lib/gslab_make/test/raw/log_outputs/dir/file.txt | 2022-07-28 18:23:29 | 20
/oak/stanford/groups/gentzkow/jccp/sherlock_test/lib/gslab_make/docs/_static/css/fonts/lato-normal-italic.woff | 2022-07-28 18:23:28 | 328412
/oak/stanford/groups/gentzkow/jccp/sherlock_test/lib/gslab_make/docs/_sources/pages/repository.rst.txt | 2022-07-28 18:23:28 | 363
/oak/stanford/groups/gentzkow/jccp/sherlock_test/lib/gslab_make/sphinx/build/html/_sources/pages/api/modify_dir/gslab_make.modify_dir.remove_dir.rst.txt | 2022-07-28 18:23:29 | 94
/oak/stanford/groups/gentzkow/jccp/sherlock_test/lib/gslab_make/gslab_make/__pycache__/__init__.cpython-37.pyc | 2022-07-28 18:25:33 | 1603
/oak/stanford/groups/gentzkow/jccp/sherlock_test/lib/gslab_make/sphinx/build/html/search.html | 2022-07-28 18:23:29 | 4599
/oak/stanford/groups/gentzkow/jccp/sherlock_test/lib/gslab_make/LICENSE.txt | 2022-07-28 18:23:28 | 1083
/oak/stanford/groups/gentzkow/jccp/sherlock_test/lib/gslab_make/docs/pages/api/run_program/gslab_make.run_program.run_perl.html | 2022-07-28 18:23:28 | 11018
/oak/stanford/groups/gentzkow/jccp/sherlock_test/lib/gslab_make/docs/_static/css/fonts/lato-normal.woff | 2022-07-28 18:23:28 | 309192
/oak/stanford/groups/gentzkow/jccp/sherlock_test/lib/gslab_make/docs/_sources/pages/api/run_program/gslab_make.run_program.run_perl.rst.txt | 2022-07-28 18:23:28 | 89
/oak/stanford/groups/gentzkow/jccp/sherlock_test/lib/gslab_make/docs/_static/fonts/Inconsolata-Regular.ttf | 2022-07-28 18:23:28 | 96964
/oak/stanford/groups/gentzkow/jccp/sherlock_test/lib/gslab_make/docs/pages/api/check_repo/gslab_make.check_repo.check_module_size.html | 2022-07-28 18:23:28 | 8048
/oak/stanford/groups/gentzkow/jccp/sherlock_test/lib/gslab_make/docs/_static/minus.png | 2022-07-28 18:23:28 | 90
/oak/stanford/groups/gentzkow/jccp/sherlock_test/lib/gslab_make/test/raw/run_program/python_script_arg.py | 2022-07-28 18:23:29 | 180
/oak/stanford/groups/gentzkow/jccp/sherlock_test/lib/gslab_make/sphinx/build/html/pages/api/make_utility/gslab_make.make_utility.update_executables.html | 2022-07-28 18:23:29 | 7972
/oak/stanford/groups/gentzkow/jccp/sherlock_test/lib/gslab_make/sphinx/build/html/_sources/pages/source_logging.rst.txt | 2022-07-28 18:23:29 | 380
/oak/stanford/groups/gentzkow/jccp/sherlock_test/lib/gslab_make/sphinx/build/html/_sources/pages/api/write_logs/gslab_make.write_logs.end_makelog.rst.txt | 2022-07-28 18:23:29 | 97
/oak/stanford/groups/gentzkow/jccp/sherlock_test/lib/gslab_make/docs/_static/fonts/Lato/lato-bolditalic.eot | 2022-07-28 18:23:28 | 266158
/oak/stanford/groups/gentzkow/jccp/sherlock_test/lib/gslab_make/sphinx/source/pages/api/run_program/gslab_make.run_program.run_stata.rst | 2022-07-28 18:23:29 | 92
/oak/stanford/groups/gentzkow/jccp/sherlock_test/lib/gslab_make/sphinx/build/html/_sources/pages/utility.rst.txt | 2022-07-28 18:23:29 | 327
/oak/stanford/groups/gentzkow/jccp/sherlock_test/lib/gslab_make/docs/_sources/pages/api/run_program/gslab_make.run_program.run_r.rst.txt | 2022-07-28 18:23:28 | 80
/oak/stanford/groups/gentzkow/jccp/sherlock_test/lib/gslab_make/sphinx/build/html/_static/fonts/Lato/lato-bold.woff | 2022-07-28 18:23:29 | 309728
/oak/stanford/groups/gentzkow/jccp/sherlock_test/lib/gslab_make/build/lib/test/test_modify_dir.py | 2022-07-28 18:23:28 | 7852
/oak/stanford/groups/gentzkow/jccp/sherlock_test/lib/gslab_make/sphinx/source/pages/api/make_utility/gslab_make.make_utility.update_paths.rst | 2022-07-28 18:23:29 | 102
/oak/stanford/groups/gentzkow/jccp/sherlock_test/lib/gslab_make/sphinx/build/html/_static/searchtools.js | 2022-07-28 18:23:29 | 16634
/oak/stanford/groups/gentzkow/jccp/sherlock_test/lib/gslab_make/build/lib/test/EXCLUDE_test_perl.py | 2022-07-28 18:23:28 | 9024
/oak/stanford/groups/gentzkow/jccp/sherlock_test/lib/gslab_make/sphinx/build/html/pages/utility.html | 2022-07-28 18:23:29 | 11836
/oak/stanford/groups/gentzkow/jccp/sherlock_test/lib/gslab_make/sphinx/build/html/_sources/pages/api/run_program/gslab_make.run_program.execute_command.rst.txt | 2022-07-28 18:23:29 | 110
/oak/stanford/groups/gentzkow/jccp/sherlock_test/lib/gslab_make/docs/pages/api/write_logs/gslab_make.write_logs.log_files_in_output.html | 2022-07-28 18:23:28 | 10434
/oak/stanford/groups/gentzkow/jccp/sherlock_test/lib/gslab_make/gslab_make/private/utility.py | 2022-07-28 18:23:28 | 8202
/oak/stanford/groups/gentzkow/jccp/sherlock_test/lib/gslab_make/test/EXCLUDE_test_R.py | 2022-07-28 18:23:29 | 8908
/oak/stanford/groups/gentzkow/jccp/sherlock_test/lib/gslab_make/sphinx/build/doctrees/pages/api/run_program/gslab_make.run_program.run_sas.doctree | 2022-07-28 18:23:28 | 20402
/oak/stanford/groups/gentzkow/jccp/sherlock_test/lib/gslab_make/docs/pages/api/run_program/gslab_make.run_program.run_module.html | 2022-07-28 18:23:28 | 10038
/oak/stanford/groups/gentzkow/jccp/sherlock_test/lib/gslab_make/docs/_static/css/fonts/lato-bold.woff2 | 2022-07-28 18:23:28 | 184912
/oak/stanford/groups/gentzkow/jccp/sherlock_test/lib/gslab_make/build/lib/test/EXCLUDE_test_lyx.py | 2022-07-28 18:23:28 | 10072
/oak/stanford/groups/gentzkow/jccp/sherlock_test/lib/gslab_make/test/__init__.py | 2022-07-28 18:23:29 | 0
/oak/stanford/groups/gentzkow/jccp/sherlock_test/lib/gslab_make/sphinx/build/doctrees/pages/api/modify_dir/gslab_make.modify_dir.clear_dir.doctree | 2022-07-28 18:23:28 | 9273
/oak/stanford/groups/gentzkow/jccp/sherlock_test/lib/gslab_make/test/raw/move_sources/file space.txt | 2022-07-28 18:23:29 | 0
/oak/stanford/groups/gentzkow/jccp/sherlock_test/lib/gslab_make/docs/_sources/pages/api/modify_dir/gslab_make.modify_dir.zip_dir.rst.txt | 2022-07-28 18:23:28 | 85
/oak/stanford/groups/gentzkow/jccp/sherlock_test/lib/gslab_make/test/raw/log_sources/move.txt | 2022-07-28 18:23:29 | 53
/oak/stanford/groups/gentzkow/jccp/sherlock_test/lib/gslab_make/sphinx/source/pages/program.rst | 2022-07-28 18:23:29 | 2704
/oak/stanford/groups/gentzkow/jccp/sherlock_test/lib/gslab_make/docs/searchindex.js | 2022-07-28 18:23:28 | 22582
/oak/stanford/groups/gentzkow/jccp/sherlock_test/lib/gslab_make/sphinx/source/pages/api/move_sources/gslab_make.move_sources.copy_inputs.rst | 2022-07-28 18:23:29 | 99
/oak/stanford/groups/gentzkow/jccp/sherlock_test/lib/gslab_make/test/raw/log_outputs/recursion.txt | 2022-07-28 18:23:29 | 34
/oak/stanford/groups/gentzkow/jccp/sherlock_test/lib/gslab_make/test/raw/config/config_user.yaml | 2022-07-28 18:23:29 | 236
/oak/stanford/groups/gentzkow/jccp/sherlock_test/lib/gslab_make/docs/_sources/pages/api/write_logs/gslab_make.write_logs.write_to_makelog.rst.txt | 2022-07-28 18:23:28 | 112
/oak/stanford/groups/gentzkow/jccp/sherlock_test/lib/gslab_make/docs/_static/fonts/RobotoSlab-Bold.ttf | 2022-07-28 18:23:28 | 170616
/oak/stanford/groups/gentzkow/jccp/sherlock_test/lib/gslab_make/test/test_log_sources.py | 2022-07-28 18:23:29 | 5021
/oak/stanford/groups/gentzkow/jccp/sherlock_test/lib/gslab_make/sphinx/build/html/_static/fonts/RobotoSlab/roboto-slab-v7-regular.woff | 2022-07-28 18:23:29 | 86288
/oak/stanford/groups/gentzkow/jccp/sherlock_test/lib/gslab_make/test/raw/run_program/stata_script.do | 2022-07-28 18:23:29 | 108
/oak/stanford/groups/gentzkow/jccp/sherlock_test/lib/gslab_make/docs/pages/api/run_program/gslab_make.run_program.execute_command.html | 2022-07-28 18:23:28 | 10903
/oak/stanford/groups/gentzkow/jccp/sherlock_test/lib/gslab_make/sphinx/build/html/_sources/pages/api/run_program/gslab_make.run_program.run_mathematica.rst.txt | 2022-07-28 18:23:29 | 110
/oak/stanford/groups/gentzkow/jccp/sherlock_test/lib/gslab_make/test/raw/log_sources/dir space/file space.txt | 2022-07-28 18:23:29 | 20
/oak/stanford/groups/gentzkow/jccp/sherlock_test/lib/gslab_make/sphinx/source/pages/api/run_program/gslab_make.run_program.run_r.rst | 2022-07-28 18:23:29 | 80
/oak/stanford/groups/gentzkow/jccp/sherlock_test/lib/gslab_make/test/raw/log_sources/move_recursion.txt | 2022-07-28 18:23:29 | 34
/oak/stanford/groups/gentzkow/jccp/sherlock_test/lib/gslab_make/docs/_sources/pages/api/move_sources/gslab_make.move_sources.link_inputs.rst.txt | 2022-07-28 18:23:28 | 99
/oak/stanford/groups/gentzkow/jccp/sherlock_test/lib/gslab_make/docs/pages/source_logging.html | 2022-07-28 18:23:28 | 10468
/oak/stanford/groups/gentzkow/jccp/sherlock_test/lib/gslab_make/sphinx/build/doctrees/pages/api/run_program/gslab_make.run_program.run_stata.doctree | 2022-07-28 18:23:28 | 19165
/oak/stanford/groups/gentzkow/jccp/sherlock_test/lib/gslab_make/docs/_static/jquery-3.2.1.js | 2022-07-28 18:23:28 | 268039
/oak/stanford/groups/gentzkow/jccp/sherlock_test/lib/gslab_make/docs/_sources/pages/api/write_logs/gslab_make.write_logs.start_makelog.rst.txt | 2022-07-28 18:23:28 | 103
/oak/stanford/groups/gentzkow/jccp/sherlock_test/lib/gslab_make/docs/_static/css/fonts/lato-bold-italic.woff | 2022-07-28 18:23:28 | 323344
/oak/stanford/groups/gentzkow/jccp/sherlock_test/lib/gslab_make/test/raw/tablefill/tablefill_╬▓.txt | 2022-07-28 18:23:29 | 73
/oak/stanford/groups/gentzkow/jccp/sherlock_test/lib/gslab_make/test/WIP_test_matlab.py | 2022-07-28 18:23:29 | 8781
/oak/stanford/groups/gentzkow/jccp/sherlock_test/lib/gslab_make/build/lib/test/EXCLUDE_test_stata.py | 2022-07-28 18:23:28 | 8779
/oak/stanford/groups/gentzkow/jccp/sherlock_test/lib/gslab_make/sphinx/build/html/pages/api/write_source_logs/gslab_make.write_source_logs.write_source_logs.html | 2022-07-28 18:23:29 | 10411
/oak/stanford/groups/gentzkow/jccp/sherlock_test/lib/gslab_make/test/raw/log_sources/move space.txt | 2022-07-28 18:23:29 | 65
/oak/stanford/groups/gentzkow/jccp/sherlock_test/lib/gslab_make/sphinx/build/doctrees/pages/api/write_logs/gslab_make.write_logs.end_makelog.doctree | 2022-07-28 18:23:28 | 7269
/oak/stanford/groups/gentzkow/jccp/sherlock_test/lib/gslab_make/sphinx/build/html/_static/fonts/Lato/lato-bolditalic.woff2 | 2022-07-28 18:23:29 | 193308
/oak/stanford/groups/gentzkow/jccp/sherlock_test/lib/gslab_make/docs/_static/css/fonts/Roboto-Slab-Bold.woff | 2022-07-28 18:23:28 | 87624
/oak/stanford/groups/gentzkow/jccp/sherlock_test/lib/gslab_make/sphinx/build/doctrees/pages/specifying_paths.doctree | 2022-07-28 18:23:29 | 16988
/oak/stanford/groups/gentzkow/jccp/sherlock_test/lib/gslab_make/docs/_sources/pages/api/write_logs/gslab_make.write_logs.log_files_in_output.rst.txt | 2022-07-28 18:23:28 | 121
/oak/stanford/groups/gentzkow/jccp/sherlock_test/lib/gslab_make/test/raw/run_program/matlab_script.m | 2022-07-28 18:23:29 | 84
/oak/stanford/groups/gentzkow/jccp/sherlock_test/lib/gslab_make/docs/_static/fonts/RobotoSlab/roboto-slab-v7-regular.eot | 2022-07-28 18:23:28 | 78331
/oak/stanford/groups/gentzkow/jccp/sherlock_test/lib/gslab_make/sphinx/build/html/_sources/pages/directory.rst.txt | 2022-07-28 18:23:29 | 344
/oak/stanford/groups/gentzkow/jccp/sherlock_test/lib/gslab_make/test/raw/tablefill/tablefill_template.tex | 2022-07-28 18:23:29 | 942
/oak/stanford/groups/gentzkow/jccp/sherlock_test/lib/gslab_make/sphinx/build/html/pages/api/run_program/gslab_make.run_program.run_sas.html | 2022-07-28 18:23:29 | 11428
/oak/stanford/groups/gentzkow/jccp/sherlock_test/lib/gslab_make/sphinx/build/html/pages/api/run_program/gslab_make.run_program.run_jupyter.html | 2022-07-28 18:23:29 | 10515
/oak/stanford/groups/gentzkow/jccp/sherlock_test/lib/gslab_make/sphinx/build/html/_static/css/fonts/Roboto-Slab-Bold.woff2 | 2022-07-28 18:23:29 | 67312
/oak/stanford/groups/gentzkow/jccp/sherlock_test/lib/gslab_make/docs/_static/js/modernizr.min.js | 2022-07-28 18:23:28 | 15414
/oak/stanford/groups/gentzkow/jccp/sherlock_test/lib/gslab_make/sphinx/build/html/pages/api/make_utility/gslab_make.make_utility.update_external_paths.html | 2022-07-28 18:23:29 | 8106
/oak/stanford/groups/gentzkow/jccp/sherlock_test/lib/gslab_make/build/lib/test/test_tablefill.py | 2022-07-28 18:23:28 | 4588
/oak/stanford/groups/gentzkow/jccp/sherlock_test/lib/gslab_make/docs/_sources/pages/api/run_program/gslab_make.run_program.run_latex.rst.txt | 2022-07-28 18:23:28 | 92
/oak/stanford/groups/gentzkow/jccp/sherlock_test/lib/gslab_make/docs/_sources/pages/api/make_utility/gslab_make.make_utility.update_executables.rst.txt | 2022-07-28 18:23:28 | 120
/oak/stanford/groups/gentzkow/jccp/sherlock_test/lib/gslab_make/sphinx/build/html/_static/fonts/RobotoSlab/roboto-slab-v7-bold.eot | 2022-07-28 18:23:29 | 79520
/oak/stanford/groups/gentzkow/jccp/sherlock_test/lib/gslab_make/sphinx/build/html/pages/api/run_program/gslab_make.run_program.run_matlab.html | 2022-07-28 18:23:29 | 11014
/oak/stanford/groups/gentzkow/jccp/sherlock_test/lib/gslab_make/sphinx/build/html/_sources/pages/sourcing.rst.txt | 2022-07-28 18:23:29 | 548
/oak/stanford/groups/gentzkow/jccp/sherlock_test/lib/gslab_make/build/lib/test/__init__.py | 2022-07-28 18:23:28 | 0
/oak/stanford/groups/gentzkow/jccp/sherlock_test/lib/gslab_make/docs/pages/dummy.html | 2022-07-28 18:23:28 | 18034
/oak/stanford/groups/gentzkow/jccp/sherlock_test/lib/gslab_make/sphinx/build/html/_static/css/theme.css | 2022-07-28 18:23:29 | 129674
/oak/stanford/groups/gentzkow/jccp/sherlock_test/lib/gslab_make/docs/_sources/pages/api/run_program/gslab_make.run_program.run_lyx.rst.txt | 2022-07-28 18:23:28 | 86
/oak/stanford/groups/gentzkow/jccp/sherlock_test/lib/gslab_make/gslab_make/make_utility.py | 2022-07-28 18:23:28 | 5785
/oak/stanford/groups/gentzkow/jccp/sherlock_test/lib/gslab_make/build/lib/gslab_make/private/exceptionclasses.py | 2022-07-28 18:23:28 | 943
/oak/stanford/groups/gentzkow/jccp/sherlock_test/lib/gslab_make/sphinx/build/html/_sources/pages/program.rst.txt | 2022-07-28 18:23:29 | 2704
/oak/stanford/groups/gentzkow/jccp/sherlock_test/lib/gslab_make/gslab_make/private/__init__.py | 2022-07-28 18:23:28 | 0
/oak/stanford/groups/gentzkow/jccp/sherlock_test/lib/gslab_make/sphinx/build/doctrees/pages/api/run_program/gslab_make.run_program.run_r.doctree | 2022-07-28 18:23:28 | 18246
/oak/stanford/groups/gentzkow/jccp/sherlock_test/lib/gslab_make/test/raw/move_sources/move_bad.txt | 2022-07-28 18:23:29 | 31
/oak/stanford/groups/gentzkow/jccp/sherlock_test/lib/gslab_make/sphinx/build/html/_static/fonts/Lato/lato-bold.eot | 2022-07-28 18:23:29 | 256056
/oak/stanford/groups/gentzkow/jccp/sherlock_test/lib/gslab_make/test/raw/run_program/matlab_script_╬▓.m | 2022-07-28 18:23:29 | 91
/oak/stanford/groups/gentzkow/jccp/sherlock_test/lib/gslab_make/sphinx/build/doctrees/pages/api/run_program/gslab_make.run_program.run_mathematica.doctree | 2022-07-28 18:23:28 | 18416
/oak/stanford/groups/gentzkow/jccp/sherlock_test/lib/gslab_make/gslab_make/write_logs.py | 2022-07-28 18:23:28 | 10665
/oak/stanford/groups/gentzkow/jccp/sherlock_test/lib/gslab_make/sphinx/build/html/pages/api/run_program/gslab_make.run_program.execute_command.html | 2022-07-28 18:23:29 | 10903
/oak/stanford/groups/gentzkow/jccp/sherlock_test/lib/gslab_make/sphinx/source/pages/general_logging.rst | 2022-07-28 18:23:29 | 655
/oak/stanford/groups/gentzkow/jccp/sherlock_test/lib/gslab_make/docs/_static/fonts/Lato/lato-bold.woff2 | 2022-07-28 18:23:28 | 184912
/oak/stanford/groups/gentzkow/jccp/sherlock_test/lib/gslab_make/test/raw/move_sources/move_dir.txt | 2022-07-28 18:23:29 | 54
/oak/stanford/groups/gentzkow/jccp/sherlock_test/lib/gslab_make/sphinx/build/html/_sources/pages/api/move_sources/gslab_make.move_sources.link_externals.rst.txt | 2022-07-28 18:23:29 | 108
/oak/stanford/groups/gentzkow/jccp/sherlock_test/lib/gslab_make/docs/_static/documentation_options.js | 2022-07-28 18:23:28 | 422
/oak/stanford/groups/gentzkow/jccp/sherlock_test/lib/gslab_make/sphinx/source/pages/api/tablefill/gslab_make.tablefill.tablefill.rst | 2022-07-28 18:23:29 | 90
/oak/stanford/groups/gentzkow/jccp/sherlock_test/lib/gslab_make/sphinx/build/html/_sources/pages/api/move_sources/gslab_make.move_sources.link_inputs.rst.txt | 2022-07-28 18:23:29 | 99
/oak/stanford/groups/gentzkow/jccp/sherlock_test/lib/gslab_make/sphinx/build/html/_sources/pages/filling.rst.txt | 2022-07-28 18:23:29 | 253
/oak/stanford/groups/gentzkow/jccp/sherlock_test/lib/gslab_make/sphinx/build/html/_static/css/fonts/Roboto-Slab-Regular.woff2 | 2022-07-28 18:23:29 | 66444
/oak/stanford/groups/gentzkow/jccp/sherlock_test/lib/gslab_make/sphinx/build/html/_static/fonts/Lato/lato-bolditalic.woff | 2022-07-28 18:23:29 | 323344
/oak/stanford/groups/gentzkow/jccp/sherlock_test/lib/gslab_make/sphinx/build/html/_static/css/fonts/lato-normal.woff2 | 2022-07-28 18:23:29 | 182708
/oak/stanford/groups/gentzkow/jccp/sherlock_test/lib/gslab_make/sphinx/build/html/_static/css/fonts/fontawesome-webfont.woff | 2022-07-28 18:23:29 | 98024
/oak/stanford/groups/gentzkow/jccp/sherlock_test/lib/gslab_make/gslab_make/textfill.py | 2022-07-28 18:23:28 | 5952
/oak/stanford/groups/gentzkow/jccp/sherlock_test/lib/gslab_make/docs/_sources/pages/api/run_program/gslab_make.run_program.run_matlab.rst.txt | 2022-07-28 18:23:28 | 95
/oak/stanford/groups/gentzkow/jccp/sherlock_test/lib/gslab_make/docs/pages/api/make_utility/gslab_make.make_utility.update_paths.html | 2022-07-28 18:23:28 | 7232
/oak/stanford/groups/gentzkow/jccp/sherlock_test/lib/__init__.py | 2022-07-28 18:20:47 | 0
/oak/stanford/groups/gentzkow/jccp/sherlock_test/lib/gslab_make/test/raw/run_program/lyx_file_handout_handout.lyx.bak | 2022-07-28 18:23:29 | 2000
/oak/stanford/groups/gentzkow/jccp/sherlock_test/lib/gslab_make/docs/pages/api/run_program/gslab_make.run_program.run_matlab.html | 2022-07-28 18:23:28 | 11014
/oak/stanford/groups/gentzkow/jccp/sherlock_test/lib/gslab_make/sphinx/build/html/_sources/pages/api/modify_dir/gslab_make.modify_dir.zip_dir.rst.txt | 2022-07-28 18:23:29 | 85
/oak/stanford/groups/gentzkow/jccp/sherlock_test/lib/gslab_make/docs/pages/api/move_sources/gslab_make.move_sources.link_inputs.html | 2022-07-28 18:23:28 | 12821
/oak/stanford/groups/gentzkow/jccp/sherlock_test/lib/gslab_make/docs/_static/pygments.css | 2022-07-28 18:23:28 | 4819
/oak/stanford/groups/gentzkow/jccp/sherlock_test/lib/gslab_make/sphinx/build/html/_static/fonts/RobotoSlab/roboto-slab-v7-regular.woff2 | 2022-07-28 18:23:29 | 66444
/oak/stanford/groups/gentzkow/jccp/sherlock_test/lib/gslab_make/gslab_make/__pycache__/modify_dir.cpython-37.pyc | 2022-07-28 18:25:34 | 6905
/oak/stanford/groups/gentzkow/jccp/sherlock_test/lib/gslab_make/test/raw/tablefill/tablefill_template space.lyx | 2022-07-28 18:23:29 | 4256
/oak/stanford/groups/gentzkow/jccp/sherlock_test/lib/gslab_make/build/lib/test/EXCLUDE_test_R.py | 2022-07-28 18:23:28 | 8908
/oak/stanford/groups/gentzkow/jccp/sherlock_test/lib/gslab_make/build/lib/gslab_make/private/metadata.py | 2022-07-28 18:23:28 | 3937
/oak/stanford/groups/gentzkow/jccp/sherlock_test/lib/gslab_make/sphinx/build/html/_static/fonts/Lato/lato-bolditalic.ttf | 2022-07-28 18:23:29 | 622572
/oak/stanford/groups/gentzkow/jccp/sherlock_test/lib/gslab_make/docs/_static/fonts/Inconsolata.ttf | 2022-07-28 18:23:28 | 63184
/oak/stanford/groups/gentzkow/jccp/sherlock_test/lib/gslab_make/sphinx/build/html/_sources/pages/specifying_paths.rst.txt | 2022-07-28 18:23:29 | 2616
/oak/stanford/groups/gentzkow/jccp/sherlock_test/lib/gslab_make/test/raw/move_sources/move_bad_wildcard.txt | 2022-07-28 18:23:29 | 112
/oak/stanford/groups/gentzkow/jccp/sherlock_test/lib/gslab_make/docs/_static/css/fonts/lato-bold.woff | 2022-07-28 18:23:28 | 309728
/oak/stanford/groups/gentzkow/jccp/sherlock_test/lib/gslab_make/docs/_static/css/fonts/fontawesome-webfont.woff2 | 2022-07-28 18:23:28 | 77160
/oak/stanford/groups/gentzkow/jccp/sherlock_test/lib/gslab_make/docs/_sources/pages/api/modify_dir/gslab_make.modify_dir.remove_dir.rst.txt | 2022-07-28 18:23:28 | 94
/oak/stanford/groups/gentzkow/jccp/sherlock_test/lib/gslab_make/build/lib/gslab_make/move_sources.py | 2022-07-28 18:23:28 | 19397
/oak/stanford/groups/gentzkow/jccp/sherlock_test/lib/gslab_make/test/raw/log_outputs/dir space/file space.txt | 2022-07-28 18:23:29 | 20
/oak/stanford/groups/gentzkow/jccp/sherlock_test/lib/gslab_make/sphinx/build/html/_static/fonts/fontawesome-webfont.eot | 2022-07-28 18:23:29 | 165742
/oak/stanford/groups/gentzkow/jccp/sherlock_test/lib/gslab_make/sphinx/build/html/_static/css/fonts/fontawesome-webfont.svg | 2022-07-28 18:23:29 | 444379
/oak/stanford/groups/gentzkow/jccp/sherlock_test/lib/gslab_make/sphinx/build/html/_sources/pages/api/check_repo/gslab_make.check_repo.get_modified_sources.rst.txt | 2022-07-28 18:23:29 | 124
/oak/stanford/groups/gentzkow/jccp/sherlock_test/lib/gslab_make/docs/_sources/pages/api/move_sources/gslab_make.move_sources.copy_externals.rst.txt | 2022-07-28 18:23:28 | 108
/oak/stanford/groups/gentzkow/jccp/sherlock_test/lib/gslab_make/sphinx/build/html/_static/fonts/Lato/lato-italic.eot | 2022-07-28 18:23:29 | 268604
/oak/stanford/groups/gentzkow/jccp/sherlock_test/lib/gslab_make/sphinx/build/html/_sources/pages/repository.rst.txt | 2022-07-28 18:23:29 | 363
/oak/stanford/groups/gentzkow/jccp/sherlock_test/lib/gslab_make/gslab_make/check_repo.py | 2022-07-28 18:23:28 | 14471
/oak/stanford/groups/gentzkow/jccp/sherlock_test/lib/gslab_make/sphinx/source/pages/api/run_program/gslab_make.run_program.run_perl.rst | 2022-07-28 18:23:29 | 89
/oak/stanford/groups/gentzkow/jccp/sherlock_test/lib/gslab_make/sphinx/build/doctrees/pages/api/run_program/gslab_make.run_program.run_matlab.doctree | 2022-07-28 18:23:28 | 18331
/oak/stanford/groups/gentzkow/jccp/sherlock_test/lib/gslab_make/docs/_sources/pages/specifying_paths.rst.txt | 2022-07-28 18:23:28 | 2616
/oak/stanford/groups/gentzkow/jccp/sherlock_test/lib/gslab_make/docs/pages/api/make_utility/gslab_make.make_utility.update_external_paths.html | 2022-07-28 18:23:28 | 8106
/oak/stanford/groups/gentzkow/jccp/sherlock_test/lib/gslab_make/sphinx/build/html/pages/api/check_repo/gslab_make.check_repo.check_conda_status.html | 2022-07-28 18:23:29 | 6815
/oak/stanford/groups/gentzkow/jccp/sherlock_test/lib/gslab_make/docs/_static/fonts/Lato/lato-regular.woff | 2022-07-28 18:23:28 | 309192
/oak/stanford/groups/gentzkow/jccp/sherlock_test/lib/gslab_make/docs/_static/fonts/Lato-Bold.ttf | 2022-07-28 18:23:28 | 656544
/oak/stanford/groups/gentzkow/jccp/sherlock_test/lib/gslab_make/docs/_sources/pages/filling.rst.txt | 2022-07-28 18:23:28 | 253
/oak/stanford/groups/gentzkow/jccp/sherlock_test/lib/gslab_make/sphinx/source/pages/api/make_utility/gslab_make.make_utility.update_executables.rst | 2022-07-28 18:23:29 | 120
/oak/stanford/groups/gentzkow/jccp/sherlock_test/lib/gslab_make/docs/pages/specifying_paths.html | 2022-07-28 18:23:28 | 11661
/oak/stanford/groups/gentzkow/jccp/sherlock_test/lib/gslab_make/test/raw/run_program/lyx_file_beamer.lyx | 2022-07-28 18:23:29 | 2000
/oak/stanford/groups/gentzkow/jccp/sherlock_test/lib/gslab_make/docs/_static/fonts/RobotoSlab/roboto-slab-v7-bold.woff | 2022-07-28 18:23:28 | 87624
/oak/stanford/groups/gentzkow/jccp/sherlock_test/lib/gslab_make/sphinx/build/html/pages/api/move_sources/gslab_make.move_sources.copy_inputs.html | 2022-07-28 18:23:29 | 12642
/oak/stanford/groups/gentzkow/jccp/sherlock_test/lib/gslab_make/test/raw/run_program/python_script space.py | 2022-07-28 18:23:29 | 169
/oak/stanford/groups/gentzkow/jccp/sherlock_test/lib/gslab_make/test/raw/log_sources/dir/file.txt | 2022-07-28 18:23:29 | 20
/oak/stanford/groups/gentzkow/jccp/sherlock_test/lib/gslab_make/docs/_sources/index.rst.txt | 2022-07-28 18:23:28 | 1039
/oak/stanford/groups/gentzkow/jccp/sherlock_test/lib/gslab_make/docs/pages/api/make_utility/gslab_make.make_utility.copy_output.html | 2022-07-28 18:23:28 | 7276
/oak/stanford/groups/gentzkow/jccp/sherlock_test/lib/gslab_make/test/raw/tablefill/tablefill_template_too_many_values.lyx | 2022-07-28 18:23:29 | 4701
/oak/stanford/groups/gentzkow/jccp/sherlock_test/lib/gslab_make/build/lib/gslab_make/private/__init__.py | 2022-07-28 18:23:28 | 0
/oak/stanford/groups/gentzkow/jccp/sherlock_test/lib/gslab_make/docs/_static/fonts/Lato/lato-bolditalic.woff2 | 2022-07-28 18:23:28 | 193308
/oak/stanford/groups/gentzkow/jccp/sherlock_test/lib/gslab_make/docs/pages/api/write_source_logs/gslab_make.write_source_logs.write_source_logs.html | 2022-07-28 18:23:28 | 10411
/oak/stanford/groups/gentzkow/jccp/sherlock_test/lib/gslab_make/sphinx/build/html/_static/fonts/Lato/lato-bold.woff2 | 2022-07-28 18:23:29 | 184912
/oak/stanford/groups/gentzkow/jccp/sherlock_test/lib/gslab_make/sphinx/build/html/_sources/pages/api/make_utility/gslab_make.make_utility.copy_output.rst.txt | 2022-07-28 18:23:29 | 99
/oak/stanford/groups/gentzkow/jccp/sherlock_test/lib/gslab_make/docs/pages/api/move_sources/gslab_make.move_sources.copy_externals.html | 2022-07-28 18:23:28 | 12632
/oak/stanford/groups/gentzkow/jccp/sherlock_test/lib/gslab_make/gslab_make/private/__pycache__/__init__.cpython-37.pyc | 2022-07-28 18:25:34 | 135
/oak/stanford/groups/gentzkow/jccp/sherlock_test/lib/gslab_make/gslab_make/private/__pycache__/programdirective.cpython-37.pyc | 2022-07-28 18:25:38 | 9930
/oak/stanford/groups/gentzkow/jccp/sherlock_test/lib/gslab_make/sphinx/build/html/_sources/pages/api/write_source_logs/gslab_make.write_source_logs.write_source_logs.rst.txt | 2022-07-28 18:23:29 | 122
/oak/stanford/groups/gentzkow/jccp/sherlock_test/lib/gslab_make/sphinx/source/pages/api/run_program/gslab_make.run_program.run_jupyter.rst | 2022-07-28 18:23:29 | 98
/oak/stanford/groups/gentzkow/jccp/sherlock_test/lib/gslab_make/sphinx/build/html/_static/underscore-1.13.1.js | 2022-07-28 18:23:29 | 68420
/oak/stanford/groups/gentzkow/jccp/sherlock_test/lib/gslab_make/sphinx/build/html/_sources/pages/api/make_utility/gslab_make.make_utility.update_executables.rst.txt | 2022-07-28 18:23:29 | 120
/oak/stanford/groups/gentzkow/jccp/sherlock_test/lib/gslab_make/sphinx/build/html/_static/fonts/Lato-Bold.ttf | 2022-07-28 18:23:29 | 656544
/oak/stanford/groups/gentzkow/jccp/sherlock_test/lib/gslab_make/sphinx/build/html/_static/fonts/Lato/lato-regular.woff2 | 2022-07-28 18:23:29 | 182708
/oak/stanford/groups/gentzkow/jccp/sherlock_test/lib/gslab_make/test/raw/run_program/lyx_file.lyx | 2022-07-28 18:23:29 | 1608
/oak/stanford/groups/gentzkow/jccp/sherlock_test/lib/gslab_make/docs/pages/api/modify_dir/gslab_make.modify_dir.zip_dir.html | 2022-07-28 18:23:28 | 6472
/oak/stanford/groups/gentzkow/jccp/sherlock_test/lib/gslab_make/test/test_makelog.py | 2022-07-28 18:23:29 | 2622
/oak/stanford/groups/gentzkow/jccp/sherlock_test/lib/gslab_make/docs/_static/fonts/Lato/lato-bold.ttf | 2022-07-28 18:23:28 | 600856
/oak/stanford/groups/gentzkow/jccp/sherlock_test/lib/gslab_make/docs/_sources/pages/api/move_sources/gslab_make.move_sources.link_externals.rst.txt | 2022-07-28 18:23:28 | 108
/oak/stanford/groups/gentzkow/jccp/sherlock_test/lib/gslab_make/sphinx/build/doctrees/pages/api/write_logs/gslab_make.write_logs.start_makelog.doctree | 2022-07-28 18:23:28 | 7548
/oak/stanford/groups/gentzkow/jccp/sherlock_test/lib/gslab_make/sphinx/build/html/_static/js/modernizr.min.js | 2022-07-28 18:23:29 | 15414
/oak/stanford/groups/gentzkow/jccp/sherlock_test/lib/gslab_make/sphinx/build/html/_sources/pages/api/run_program/gslab_make.run_program.run_module.rst.txt | 2022-07-28 18:23:29 | 95
/oak/stanford/groups/gentzkow/jccp/sherlock_test/lib/gslab_make/sphinx/build/html/_static/fonts/fontawesome-webfont.woff2 | 2022-07-28 18:23:29 | 77160
/oak/stanford/groups/gentzkow/jccp/sherlock_test/lib/gslab_make/test/raw/log_sources/dir_depth/dir_depth/depth_2.txt | 2022-07-28 18:23:29 | 20
/oak/stanford/groups/gentzkow/jccp/sherlock_test/lib/gslab_make/sphinx/build/doctrees/pages/api/make_utility/gslab_make.make_utility.update_external_paths.doctree | 2022-07-28 18:23:28 | 9733
/oak/stanford/groups/gentzkow/jccp/sherlock_test/lib/gslab_make/sphinx/build/html/searchindex.js | 2022-07-28 18:23:29 | 22582
/oak/stanford/groups/gentzkow/jccp/sherlock_test/lib/gslab_make/sphinx/build/html/_static/fonts/Lato/lato-italic.ttf | 2022-07-28 18:23:29 | 639388
/oak/stanford/groups/gentzkow/jccp/sherlock_test/lib/gslab_make/sphinx/build/doctrees/pages/api/modify_dir/gslab_make.modify_dir.remove_dir.doctree | 2022-07-28 18:23:28 | 10518
/oak/stanford/groups/gentzkow/jccp/sherlock_test/lib/gslab_make/test/raw/move_sources/file.txt | 2022-07-28 18:23:29 | 0
/oak/stanford/groups/gentzkow/jccp/sherlock_test/lib/gslab_make/test/raw/run_program/stata_script space.do | 2022-07-28 18:23:29 | 108
/oak/stanford/groups/gentzkow/jccp/sherlock_test/lib/gslab_make/test/raw/run_program/perl_script_arg.pl | 2022-07-28 18:23:29 | 206
/oak/stanford/groups/gentzkow/jccp/sherlock_test/lib/gslab_make/sphinx/build/html/_static/fonts/RobotoSlab-Bold.ttf | 2022-07-28 18:23:29 | 170616
/oak/stanford/groups/gentzkow/jccp/sherlock_test/lib/gslab_make/sphinx/build/html/_static/plus.png | 2022-07-28 18:23:29 | 90
/oak/stanford/groups/gentzkow/jccp/sherlock_test/lib/gslab_make/sphinx/build/html/pages/api/check_repo/gslab_make.check_repo.get_modified_sources.html | 2022-07-28 18:23:29 | 8379
/oak/stanford/groups/gentzkow/jccp/sherlock_test/lib/gslab_make/docs/_static/fonts/Inconsolata-Bold.ttf | 2022-07-28 18:23:28 | 109948
/oak/stanford/groups/gentzkow/jccp/sherlock_test/lib/gslab_make/sphinx/build/doctrees/pages/api/move_sources/gslab_make.move_sources.link_externals.doctree | 2022-07-28 18:23:28 | 21366
/oak/stanford/groups/gentzkow/jccp/sherlock_test/lib/gslab_make/docs/_static/file.png | 2022-07-28 18:23:28 | 286
/oak/stanford/groups/gentzkow/jccp/sherlock_test/lib/gslab_make/sphinx/build/html/_static/css/badge_only.css | 2022-07-28 18:23:29 | 3275
/oak/stanford/groups/gentzkow/jccp/sherlock_test/lib/gslab_make/sphinx/build/html/_sources/pages/api/check_repo/gslab_make.check_repo.check_module_size.rst.txt | 2022-07-28 18:23:29 | 115
/oak/stanford/groups/gentzkow/jccp/sherlock_test/lib/gslab_make/sphinx/build/html/pages/general_logging.html | 2022-07-28 18:23:29 | 14541
/oak/stanford/groups/gentzkow/jccp/sherlock_test/lib/gslab_make/build/lib/gslab_make/run_program.py | 2022-07-28 18:23:28 | 39416
/oak/stanford/groups/gentzkow/jccp/sherlock_test/lib/gslab_make/sphinx/build/html/_static/fonts/fontawesome-webfont.svg | 2022-07-28 18:23:29 | 444379
/oak/stanford/groups/gentzkow/jccp/sherlock_test/lib/gslab_make/sphinx/build/html/_sources/pages/api/make_utility/gslab_make.make_utility.update_paths.rst.txt | 2022-07-28 18:23:29 | 102
/oak/stanford/groups/gentzkow/jccp/sherlock_test/lib/gslab_make/sphinx/build/html/pages/api/run_program/gslab_make.run_program.run_stat_transfer.html | 2022-07-28 18:23:29 | 11136
/oak/stanford/groups/gentzkow/jccp/sherlock_test/lib/gslab_make/sphinx/build/html/_sources/pages/api/run_program/gslab_make.run_program.run_matlab.rst.txt | 2022-07-28 18:23:29 | 95
/oak/stanford/groups/gentzkow/jccp/sherlock_test/lib/gslab_make/sphinx/source/pages/filling.rst | 2022-07-28 18:23:29 | 253
/oak/stanford/groups/gentzkow/jccp/sherlock_test/lib/gslab_make/sphinx/build/html/_static/fonts/Lato/lato-regular.eot | 2022-07-28 18:23:29 | 253461
/oak/stanford/groups/gentzkow/jccp/sherlock_test/lib/gslab_make/docs/_static/fonts/RobotoSlab/roboto-slab-v7-bold.ttf | 2022-07-28 18:23:28 | 170616
/oak/stanford/groups/gentzkow/jccp/sherlock_test/lib/gslab_make/docs/_static/fonts/Lato/lato-italic.ttf | 2022-07-28 18:23:28 | 639388
/oak/stanford/groups/gentzkow/jccp/sherlock_test/lib/gslab_make/test/raw/run_program/stata_script_╬▓.do | 2022-07-28 18:23:29 | 115
/oak/stanford/groups/gentzkow/jccp/sherlock_test/lib/gslab_make/sphinx/build/doctrees/pages/api/run_program/gslab_make.run_program.run_stat_transfer.doctree | 2022-07-28 18:23:28 | 18636
/oak/stanford/groups/gentzkow/jccp/sherlock_test/lib/gslab_make/sphinx/build/html/_static/doctools.js | 2022-07-28 18:23:29 | 10766
/oak/stanford/groups/gentzkow/jccp/sherlock_test/lib/gslab_make/sphinx/build/html/_static/js/html5shiv.min.js | 2022-07-28 18:23:29 | 2734
/oak/stanford/groups/gentzkow/jccp/sherlock_test/lib/gslab_make/sphinx/build/doctrees/pages/api/modify_dir/gslab_make.modify_dir.unzip.doctree | 2022-07-28 18:23:28 | 7059
/oak/stanford/groups/gentzkow/jccp/sherlock_test/lib/gslab_make/build/lib/gslab_make/write_logs.py | 2022-07-28 18:23:28 | 10665
/oak/stanford/groups/gentzkow/jccp/sherlock_test/lib/gslab_make/sphinx/build/doctrees/pages/api/make_utility/gslab_make.make_utility.update_paths.doctree | 2022-07-28 18:23:28 | 7037
/oak/stanford/groups/gentzkow/jccp/sherlock_test/lib/gslab_make/build/lib/test/utility.py | 2022-07-28 18:23:28 | 1404
/oak/stanford/groups/gentzkow/jccp/sherlock_test/lib/gslab_make/build/lib/test/test_move_sources.py | 2022-07-28 18:23:28 | 7633
/oak/stanford/groups/gentzkow/jccp/sherlock_test/lib/gslab_make/sphinx/build/html/_static/css/fonts/lato-normal.woff | 2022-07-28 18:23:29 | 309192
/oak/stanford/groups/gentzkow/jccp/sherlock_test/lib/gslab_make/test/test_move_sources.py | 2022-07-28 18:23:29 | 7633
/oak/stanford/groups/gentzkow/jccp/sherlock_test/lib/gslab_make/docs/_static/css/theme.css | 2022-07-28 18:23:28 | 129674
/oak/stanford/groups/gentzkow/jccp/sherlock_test/lib/gslab_make/test/raw/run_program/lyx_file_error.lyx | 2022-07-28 18:23:29 | 5
/oak/stanford/groups/gentzkow/jccp/sherlock_test/lib/gslab_make/sphinx/build/html/pages/api/write_logs/gslab_make.write_logs.start_makelog.html | 2022-07-28 18:23:29 | 7418
/oak/stanford/groups/gentzkow/jccp/sherlock_test/lib/gslab_make/test/raw/tablefill/tablefill_template_extra_input.lyx | 2022-07-28 18:23:29 | 1736
/oak/stanford/groups/gentzkow/jccp/sherlock_test/lib/gslab_make/docs/_sources/pages/directory.rst.txt | 2022-07-28 18:23:28 | 344
/oak/stanford/groups/gentzkow/jccp/sherlock_test/lib/gslab_make/docs/_static/fonts/Lato/lato-bold.eot | 2022-07-28 18:23:28 | 256056
/oak/stanford/groups/gentzkow/jccp/sherlock_test/lib/gslab_make/test/raw/run_program/matlab_script_error.m | 2022-07-28 18:23:29 | 5
/oak/stanford/groups/gentzkow/jccp/sherlock_test/lib/gslab_make/sphinx/source/pages/api/check_repo/gslab_make.check_repo.check_conda_status.rst | 2022-07-28 18:23:29 | 118
/oak/stanford/groups/gentzkow/jccp/sherlock_test/lib/gslab_make/test/raw/log_sources/move_╬▓.txt | 2022-07-28 18:23:29 | 67
/oak/stanford/groups/gentzkow/jccp/sherlock_test/lib/gslab_make/sphinx/build/html/pages/api/modify_dir/gslab_make.modify_dir.zip_dir.html | 2022-07-28 18:23:29 | 6472
/oak/stanford/groups/gentzkow/jccp/sherlock_test/lib/gslab_make/docs/_static/fonts/Lato/lato-bolditalic.woff | 2022-07-28 18:23:28 | 323344
/oak/stanford/groups/gentzkow/jccp/sherlock_test/lib/gslab_make/sphinx/README.md | 2022-07-28 18:23:28 | 1340
/oak/stanford/groups/gentzkow/jccp/sherlock_test/lib/gslab_make/sphinx/build/html/_sources/pages/api/run_program/gslab_make.run_program.run_stata.rst.txt | 2022-07-28 18:23:29 | 92
/oak/stanford/groups/gentzkow/jccp/sherlock_test/lib/gslab_make/sphinx/build/html/_static/css/fonts/Roboto-Slab-Regular.woff | 2022-07-28 18:23:29 | 86288
/oak/stanford/groups/gentzkow/jccp/sherlock_test/lib/gslab_make/sphinx/build/html/_static/fonts/Lato/lato-regular.ttf | 2022-07-28 18:23:29 | 607720
/oak/stanford/groups/gentzkow/jccp/sherlock_test/lib/gslab_make/sphinx/build/html/_static/fonts/Inconsolata-Bold.ttf | 2022-07-28 18:23:29 | 109948
/oak/stanford/groups/gentzkow/jccp/sherlock_test/lib/gslab_make/sphinx/build/html/pages/api/tablefill/gslab_make.tablefill.tablefill.html | 2022-07-28 18:23:29 | 16332
/oak/stanford/groups/gentzkow/jccp/sherlock_test/lib/gslab_make/docs/_sources/pages/api/run_program/gslab_make.run_program.run_python.rst.txt | 2022-07-28 18:23:28 | 95
/oak/stanford/groups/gentzkow/jccp/sherlock_test/lib/gslab_make/test/raw/move_sources/move_empty.txt | 2022-07-28 18:23:29 | 22
/oak/stanford/groups/gentzkow/jccp/sherlock_test/lib/gslab_make/gslab_make/__pycache__/write_logs.cpython-37.pyc | 2022-07-28 18:25:34 | 8765
/oak/stanford/groups/gentzkow/jccp/sherlock_test/lib/gslab_make/sphinx/build/html/_static/documentation_options.js | 2022-07-28 18:23:29 | 422
/oak/stanford/groups/gentzkow/jccp/sherlock_test/lib/gslab_make/test/raw/log_outputs/dir_local/file_local.txt | 2022-07-28 18:23:29 | 20
/oak/stanford/groups/gentzkow/jccp/sherlock_test/lib/gslab_make/docs/_sources/pages/api/make_utility/gslab_make.make_utility.update_paths.rst.txt | 2022-07-28 18:23:28 | 102
/oak/stanford/groups/gentzkow/jccp/sherlock_test/lib/gslab_make/test/raw/move_sources/move_bad_key.txt | 2022-07-28 18:23:29 | 48
/oak/stanford/groups/gentzkow/jccp/sherlock_test/lib/gslab_make/sphinx/build/html/pages/api/write_logs/gslab_make.write_logs.end_makelog.html | 2022-07-28 18:23:29 | 7254
/oak/stanford/groups/gentzkow/jccp/sherlock_test/lib/gslab_make/docs/pages/api/run_program/gslab_make.run_program.run_lyx.html | 2022-07-28 18:23:28 | 11916
/oak/stanford/groups/gentzkow/jccp/sherlock_test/lib/gslab_make/sphinx/build/html/_static/file.png | 2022-07-28 18:23:29 | 286
/oak/stanford/groups/gentzkow/jccp/sherlock_test/lib/gslab_make/gslab_make/__pycache__/tablefill.cpython-37.pyc | 2022-07-28 18:25:38 | 18397
/oak/stanford/groups/gentzkow/jccp/sherlock_test/lib/gslab_make/sphinx/build/html/_static/fonts/Lato/lato-italic.woff2 | 2022-07-28 18:23:29 | 195704
/oak/stanford/groups/gentzkow/jccp/sherlock_test/lib/gslab_make/test/raw/run_program/r_script_error.R | 2022-07-28 18:23:29 | 5
/oak/stanford/groups/gentzkow/jccp/sherlock_test/lib/gslab_make/build/lib/gslab_make/private/utility.py | 2022-07-28 18:23:28 | 8202
/oak/stanford/groups/gentzkow/jccp/sherlock_test/lib/gslab_make/sphinx/build/doctrees/pages/api/run_program/gslab_make.run_program.execute_command.doctree | 2022-07-28 18:23:28 | 15336
/oak/stanford/groups/gentzkow/jccp/sherlock_test/lib/gslab_make/sphinx/build/doctrees/pages/api/move_sources/gslab_make.move_sources.link_inputs.doctree | 2022-07-28 18:23:28 | 21273
/oak/stanford/groups/gentzkow/jccp/sherlock_test/lib/gslab_make/sphinx/build/html/_sources/pages/api/tablefill/gslab_make.tablefill.tablefill.rst.txt | 2022-07-28 18:23:29 | 90
/oak/stanford/groups/gentzkow/jccp/sherlock_test/lib/gslab_make/sphinx/build/html/_sources/pages/dummy.rst.txt | 2022-07-28 18:23:29 | 741
/oak/stanford/groups/gentzkow/jccp/sherlock_test/lib/gslab_make/docs/_static/plus.png | 2022-07-28 18:23:28 | 90
/oak/stanford/groups/gentzkow/jccp/sherlock_test/lib/gslab_make/test/raw/tablefill/tablefill_template_not_enough_values.lyx | 2022-07-28 18:23:29 | 3823
/oak/stanford/groups/gentzkow/jccp/sherlock_test/lib/gslab_make/docs/pages/api/write_logs/gslab_make.write_logs.start_makelog.html | 2022-07-28 18:23:28 | 7418
/oak/stanford/groups/gentzkow/jccp/sherlock_test/lib/gslab_make/test/raw/config/config_user_bad_executables.yaml | 2022-07-28 18:23:29 | 249
/oak/stanford/groups/gentzkow/jccp/sherlock_test/lib/gslab_make/gslab_make/__pycache__/textfill_info.cpython-37.pyc | 2022-07-28 18:25:38 | 6454
/oak/stanford/groups/gentzkow/jccp/sherlock_test/lib/gslab_make/docs/_static/fonts/fontawesome-webfont.ttf | 2022-07-28 18:23:28 | 165548
/oak/stanford/groups/gentzkow/jccp/sherlock_test/lib/gslab_make/sphinx/source/pages/api/check_repo/gslab_make.check_repo.check_module_size.rst | 2022-07-28 18:23:29 | 115
/oak/stanford/groups/gentzkow/jccp/sherlock_test/lib/gslab_make/sphinx/build/html/_static/js/html5shiv-printshiv.min.js | 2022-07-28 18:23:29 | 4370
/oak/stanford/groups/gentzkow/jccp/sherlock_test/lib/gslab_make/test/raw/run_program/wrong_extension.txt | 2022-07-28 18:23:29 | 0
/oak/stanford/groups/gentzkow/jccp/sherlock_test/lib/gslab_make/sphinx/build/html/_static/underscore-1.3.1.js | 2022-07-28 18:23:29 | 35168
/oak/stanford/groups/gentzkow/jccp/sherlock_test/lib/gslab_make/gslab_make/private/__pycache__/messages.cpython-37.pyc | 2022-07-28 18:25:34 | 5511
/oak/stanford/groups/gentzkow/jccp/sherlock_test/lib/gslab_make/docs/_static/fonts/fontawesome-webfont.svg | 2022-07-28 18:23:28 | 444379
/oak/stanford/groups/gentzkow/jccp/sherlock_test/lib/gslab_make/sphinx/build/html/_static/css/fonts/lato-normal-italic.woff2 | 2022-07-28 18:23:29 | 195704
/oak/stanford/groups/gentzkow/jccp/sherlock_test/lib/gslab_make/sphinx/build/doctrees/pages/api/run_program/gslab_make.run_program.run_module.doctree | 2022-07-28 18:23:28 | 12720
/oak/stanford/groups/gentzkow/jccp/sherlock_test/lib/gslab_make/sphinx/build/doctrees/pages/api/check_repo/gslab_make.check_repo.check_module_size.doctree | 2022-07-28 18:23:28 | 10575
/oak/stanford/groups/gentzkow/jccp/sherlock_test/lib/gslab_make/docs/_sources/pages/sourcing.rst.txt | 2022-07-28 18:23:28 | 548
/oak/stanford/groups/gentzkow/jccp/sherlock_test/lib/gslab_make/sphinx/source/pages/api/run_program/gslab_make.run_program.run_latex.rst | 2022-07-28 18:23:29 | 92
/oak/stanford/groups/gentzkow/jccp/sherlock_test/lib/gslab_make/build/lib/gslab_make/modify_dir.py | 2022-07-28 18:23:28 | 7384
/oak/stanford/groups/gentzkow/jccp/sherlock_test/lib/gslab_make/sphinx/build/html/_static/underscore-1.12.0.js | 2022-07-28 18:23:29 | 67692
/oak/stanford/groups/gentzkow/jccp/sherlock_test/lib/gslab_make/sphinx/build/html/_static/css/fonts/lato-bold-italic.woff | 2022-07-28 18:23:29 | 323344
/oak/stanford/groups/gentzkow/jccp/sherlock_test/lib/gslab_make/build/lib/test/WIP_test_latex.py | 2022-07-28 18:23:28 | 2298
/oak/stanford/groups/gentzkow/jccp/sherlock_test/lib/gslab_make/sphinx/build/html/_sources/pages/api/make_utility/gslab_make.make_utility.update_external_paths.rst.txt | 2022-07-28 18:23:29 | 129
/oak/stanford/groups/gentzkow/jccp/sherlock_test/lib/gslab_make/sphinx/build/html/_static/fonts/Lato/lato-italic.woff | 2022-07-28 18:23:29 | 328412
/oak/stanford/groups/gentzkow/jccp/sherlock_test/lib/gslab_make/docs/_sources/pages/api/check_repo/gslab_make.check_repo.get_modified_sources.rst.txt | 2022-07-28 18:23:28 | 124
/oak/stanford/groups/gentzkow/jccp/sherlock_test/lib/gslab_make/docs/_static/fonts/Lato/lato-bold.woff | 2022-07-28 18:23:28 | 309728
/oak/stanford/groups/gentzkow/jccp/sherlock_test/lib/gslab_make/sphinx/build/html/pages/api/write_logs/gslab_make.write_logs.log_files_in_output.html | 2022-07-28 18:23:29 | 10434
/oak/stanford/groups/gentzkow/jccp/sherlock_test/lib/gslab_make/sphinx/build/html/pages/api/write_logs/gslab_make.write_logs.write_to_makelog.html | 2022-07-28 18:23:29 | 7303
/oak/stanford/groups/gentzkow/jccp/sherlock_test/lib/gslab_make/sphinx/build/html/_static/css/fonts/fontawesome-webfont.eot | 2022-07-28 18:23:29 | 165742
/oak/stanford/groups/gentzkow/jccp/sherlock_test/lib/gslab_make/gslab_make/private/metadata.py | 2022-07-28 18:23:28 | 3937
/oak/stanford/groups/gentzkow/jccp/sherlock_test/lib/gslab_make/docs/_sources/pages/dummy.rst.txt | 2022-07-28 18:23:28 | 741
/oak/stanford/groups/gentzkow/jccp/sherlock_test/lib/gslab_make/sphinx/make.bat | 2022-07-28 18:23:29 | 941
/oak/stanford/groups/gentzkow/jccp/sherlock_test/lib/gslab_make/docs/pages/api/make_utility/gslab_make.make_utility.update_internal_paths.html | 2022-07-28 18:23:28 | 7663
/oak/stanford/groups/gentzkow/jccp/sherlock_test/lib/gslab_make/sphinx/build/doctrees/pages/api/make_utility/gslab_make.make_utility.update_executables.doctree | 2022-07-28 18:23:28 | 9742
/oak/stanford/groups/gentzkow/jccp/sherlock_test/lib/gslab_make/docs/_static/css/fonts/Roboto-Slab-Regular.woff | 2022-07-28 18:23:28 | 86288
/oak/stanford/groups/gentzkow/jccp/sherlock_test/lib/gslab_make/gslab_make/__pycache__/textfill.cpython-37.pyc | 2022-07-28 18:25:38 | 5022
/oak/stanford/groups/gentzkow/jccp/sherlock_test/lib/gslab_make/sphinx/build/doctrees/index.doctree | 2022-07-28 18:23:28 | 5998
/oak/stanford/groups/gentzkow/jccp/sherlock_test/lib/gslab_make/sphinx/build/html/objects.inv | 2022-07-28 18:23:29 | 1891
/oak/stanford/groups/gentzkow/jccp/sherlock_test/lib/gslab_make/docs/pages/api/check_repo/gslab_make.check_repo.get_modified_sources.html | 2022-07-28 18:23:28 | 8379
/oak/stanford/groups/gentzkow/jccp/sherlock_test/lib/gslab_make/docs/_sources/pages/api/run_program/gslab_make.run_program.run_stat_transfer.rst.txt | 2022-07-28 18:23:28 | 116
/oak/stanford/groups/gentzkow/jccp/sherlock_test/lib/gslab_make/test/raw/config/config.yaml | 2022-07-28 18:23:29 | 1004
/oak/stanford/groups/gentzkow/jccp/sherlock_test/lib/gslab_make/sphinx/build/html/_static/js/theme.js | 2022-07-28 18:23:29 | 5023
/oak/stanford/groups/gentzkow/jccp/sherlock_test/lib/gslab_make/sphinx/build/html/pages/api/make_utility/gslab_make.make_utility.copy_output.html | 2022-07-28 18:23:29 | 7276
/oak/stanford/groups/gentzkow/jccp/sherlock_test/lib/gslab_make/sphinx/build/html/_static/css/fonts/fontawesome-webfont.ttf | 2022-07-28 18:23:29 | 165548
/oak/stanford/groups/gentzkow/jccp/sherlock_test/lib/gslab_make/sphinx/build/doctrees/pages/api/write_logs/gslab_make.write_logs.log_files_in_output.doctree | 2022-07-28 18:23:28 | 17405
/oak/stanford/groups/gentzkow/jccp/sherlock_test/lib/gslab_make/test/raw/tablefill/tablefill_no_tag.txt | 2022-07-28 18:23:29 | 56
/oak/stanford/groups/gentzkow/jccp/sherlock_test/lib/gslab_make/sphinx/build/html/_sources/pages/api/make_utility/gslab_make.make_utility.update_internal_paths.rst.txt | 2022-07-28 18:23:29 | 129
/oak/stanford/groups/gentzkow/jccp/sherlock_test/lib/gslab_make/docs/_static/jquery.js | 2022-07-28 18:23:28 | 89476
/oak/stanford/groups/gentzkow/jccp/sherlock_test/lib/gslab_make/sphinx/build/html/_sources/pages/api/move_sources/gslab_make.move_sources.copy_externals.rst.txt | 2022-07-28 18:23:29 | 108
/oak/stanford/groups/gentzkow/jccp/sherlock_test/lib/gslab_make/sphinx/source/pages/source_logging.rst | 2022-07-28 18:23:29 | 380
/oak/stanford/groups/gentzkow/jccp/sherlock_test/lib/gslab_make/build/lib/gslab_make/check_repo.py | 2022-07-28 18:23:28 | 14471
/oak/stanford/groups/gentzkow/jccp/sherlock_test/lib/gslab_make/sphinx/build/html/_sources/index.rst.txt | 2022-07-28 18:23:29 | 1039
/oak/stanford/groups/gentzkow/jccp/sherlock_test/lib/gslab_make/docs/_sources/pages/api/tablefill/gslab_make.tablefill.tablefill.rst.txt | 2022-07-28 18:23:28 | 90
/oak/stanford/groups/gentzkow/jccp/sherlock_test/lib/gslab_make/gslab_make/private/movedirective.py | 2022-07-28 18:23:28 | 12767
/oak/stanford/groups/gentzkow/jccp/sherlock_test/lib/gslab_make/docs/pages/api/write_logs/gslab_make.write_logs.end_makelog.html | 2022-07-28 18:23:28 | 7254
/oak/stanford/groups/gentzkow/jccp/sherlock_test/lib/gslab_make/docs/pages/api/modify_dir/gslab_make.modify_dir.remove_dir.html | 2022-07-28 18:23:28 | 7872
/oak/stanford/groups/gentzkow/jccp/sherlock_test/lib/gslab_make/sphinx/build/html/_static/fonts/Lato/lato-bold.ttf | 2022-07-28 18:23:29 | 600856
/oak/stanford/groups/gentzkow/jccp/sherlock_test/lib/gslab_make/gslab_make/write_source_logs.py | 2022-07-28 18:23:28 | 4866
/oak/stanford/groups/gentzkow/jccp/sherlock_test/lib/gslab_make/sphinx/build/html/_sources/pages/api/run_program/gslab_make.run_program.run_lyx.rst.txt | 2022-07-28 18:23:29 | 86
/oak/stanford/groups/gentzkow/jccp/sherlock_test/lib/gslab_make/docs/pages/api/move_sources/gslab_make.move_sources.copy_inputs.html | 2022-07-28 18:23:28 | 12642
/oak/stanford/groups/gentzkow/jccp/sherlock_test/lib/gslab_make/docs/pages/api/run_program/gslab_make.run_program.run_r.html | 2022-07-28 18:23:28 | 10937
/oak/stanford/groups/gentzkow/jccp/sherlock_test/lib/gslab_make/test/EXCLUDE_test_stata.py | 2022-07-28 18:23:29 | 8779
/oak/stanford/groups/gentzkow/jccp/sherlock_test/lib/gslab_make/test/raw/run_program/perl_script_╬▓.pl | 2022-07-28 18:23:29 | 215
/oak/stanford/groups/gentzkow/jccp/sherlock_test/lib/gslab_make/docs/_static/basic.css | 2022-07-28 18:23:28 | 14692
/oak/stanford/groups/gentzkow/jccp/sherlock_test/lib/gslab_make/build/lib/gslab_make/tablefill.py | 2022-07-28 18:23:28 | 20325
/oak/stanford/groups/gentzkow/jccp/sherlock_test/lib/gslab_make/docs/_static/language_data.js | 2022-07-28 18:23:28 | 10854
/oak/stanford/groups/gentzkow/jccp/sherlock_test/lib/gslab_make/sphinx/build/html/pages/api/make_utility/gslab_make.make_utility.update_paths.html | 2022-07-28 18:23:29 | 7232
/oak/stanford/groups/gentzkow/jccp/sherlock_test/lib/gslab_make/docs/pages/api/modify_dir/gslab_make.modify_dir.clear_dir.html | 2022-07-28 18:23:28 | 7673
/oak/stanford/groups/gentzkow/jccp/sherlock_test/lib/gslab_make/docs/_static/fonts/fontawesome-webfont.woff | 2022-07-28 18:23:28 | 98024
/oak/stanford/groups/gentzkow/jccp/sherlock_test/lib/gslab_make/sphinx/source/pages/api/write_source_logs/gslab_make.write_source_logs.write_source_logs.rst | 2022-07-28 18:23:29 | 122
/oak/stanford/groups/gentzkow/jccp/sherlock_test/lib/gslab_make/docs/_static/css/fonts/fontawesome-webfont.eot | 2022-07-28 18:23:28 | 165742
/oak/stanford/groups/gentzkow/jccp/sherlock_test/lib/gslab_make/sphinx/build/html/_sources/pages/api/run_program/gslab_make.run_program.run_r.rst.txt | 2022-07-28 18:23:29 | 80
/oak/stanford/groups/gentzkow/jccp/sherlock_test/lib/gslab_make/test/raw/run_program/python_script.py | 2022-07-28 18:23:29 | 169
/oak/stanford/groups/gentzkow/jccp/sherlock_test/lib/gslab_make/docs/_sources/pages/api/run_program/gslab_make.run_program.run_jupyter.rst.txt | 2022-07-28 18:23:28 | 98
/oak/stanford/groups/gentzkow/jccp/sherlock_test/lib/gslab_make/gslab_make/private/messages.py | 2022-07-28 18:23:28 | 5991
/oak/stanford/groups/gentzkow/jccp/sherlock_test/lib/gslab_make/gslab_make/move_sources.py | 2022-07-28 18:23:28 | 19397
/oak/stanford/groups/gentzkow/jccp/sherlock_test/lib/gslab_make/docs/_static/fonts/Lato/lato-regular.ttf | 2022-07-28 18:23:28 | 607720
/oak/stanford/groups/gentzkow/jccp/sherlock_test/lib/gslab_make/sphinx/build/doctrees/pages/api/check_repo/gslab_make.check_repo.get_modified_sources.doctree | 2022-07-28 18:23:28 | 12396
/oak/stanford/groups/gentzkow/jccp/sherlock_test/lib/gslab_make/test/test_log_outputs.py | 2022-07-28 18:23:29 | 5431
/oak/stanford/groups/gentzkow/jccp/sherlock_test/lib/gslab_make/docs/_static/underscore.js | 2022-07-28 18:23:28 | 19530
/oak/stanford/groups/gentzkow/jccp/sherlock_test/lib/gslab_make/CODE_OF_CONDUCT.md | 2022-07-28 18:23:28 | 3353
/oak/stanford/groups/gentzkow/jccp/sherlock_test/lib/gslab_make/sphinx/build/html/_static/css/fonts/Roboto-Slab-Bold.woff | 2022-07-28 18:23:29 | 87624
/oak/stanford/groups/gentzkow/jccp/sherlock_test/lib/gslab_make/sphinx/build/html/_static/basic.css | 2022-07-28 18:23:29 | 14692
/oak/stanford/groups/gentzkow/jccp/sherlock_test/lib/gslab_make/docs/pages/api/run_program/gslab_make.run_program.run_jupyter.html | 2022-07-28 18:23:28 | 10515
/oak/stanford/groups/gentzkow/jccp/sherlock_test/lib/gslab_make/gslab_make/__pycache__/make_utility.cpython-37.pyc | 2022-07-28 18:25:38 | 5658
/oak/stanford/groups/gentzkow/jccp/sherlock_test/lib/gslab_make/docs/_static/fonts/RobotoSlab/roboto-slab-v7-bold.eot | 2022-07-28 18:23:28 | 79520
/oak/stanford/groups/gentzkow/jccp/sherlock_test/lib/gslab_make/sphinx/build/html/pages/repository.html | 2022-07-28 18:23:29 | 11054
/oak/stanford/groups/gentzkow/jccp/sherlock_test/lib/gslab_make/sphinx/source/conf.py | 2022-07-28 18:23:29 | 1537
/oak/stanford/groups/gentzkow/jccp/sherlock_test/lib/gslab_make/docs/pages/directory.html | 2022-07-28 18:23:28 | 12560
/oak/stanford/groups/gentzkow/jccp/sherlock_test/lib/gslab_make/sphinx/build/html/pages/api/run_program/gslab_make.run_program.run_r.html | 2022-07-28 18:23:29 | 10937
/oak/stanford/groups/gentzkow/jccp/sherlock_test/lib/gslab_make/docs/_sources/pages/api/modify_dir/gslab_make.modify_dir.unzip.rst.txt | 2022-07-28 18:23:28 | 79
/oak/stanford/groups/gentzkow/jccp/sherlock_test/lib/gslab_make/sphinx/build/html/_static/fonts/RobotoSlab/roboto-slab-v7-bold.ttf | 2022-07-28 18:23:29 | 170616
/oak/stanford/groups/gentzkow/jccp/sherlock_test/lib/gslab_make/build/lib/gslab_make/private/movedirective.py | 2022-07-28 18:23:28 | 12767
/oak/stanford/groups/gentzkow/jccp/sherlock_test/lib/gslab_make/docs/_static/underscore-1.12.0.js | 2022-07-28 18:23:28 | 67692
/oak/stanford/groups/gentzkow/jccp/sherlock_test/lib/gslab_make/README.md | 2022-07-28 18:23:28 | 2006
/oak/stanford/groups/gentzkow/jccp/sherlock_test/lib/gslab_make/docs/pages/api/check_repo/gslab_make.check_repo.check_conda_status.html | 2022-07-28 18:23:28 | 6815
/oak/stanford/groups/gentzkow/jccp/sherlock_test/lib/gslab_make/gslab_make/__init__.py | 2022-07-28 18:23:28 | 2685
/oak/stanford/groups/gentzkow/jccp/sherlock_test/lib/gslab_make/docs/_sources/pages/api/make_utility/gslab_make.make_utility.update_external_paths.rst.txt | 2022-07-28 18:23:28 | 129
/oak/stanford/groups/gentzkow/jccp/sherlock_test/lib/gslab_make/sphinx/build/html/pages/api/run_program/gslab_make.run_program.run_mathematica.html | 2022-07-28 18:23:29 | 11027
/oak/stanford/groups/gentzkow/jccp/sherlock_test/lib/gslab_make/sphinx/build/html/_static/fonts/RobotoSlab/roboto-slab-v7-bold.woff | 2022-07-28 18:23:29 | 87624
/oak/stanford/groups/gentzkow/jccp/sherlock_test/lib/gslab_make/docs/_static/css/fonts/lato-bold-italic.woff2 | 2022-07-28 18:23:28 | 193308
/oak/stanford/groups/gentzkow/jccp/sherlock_test/lib/gslab_make/sphinx/build/html/pages/api/move_sources/gslab_make.move_sources.link_externals.html | 2022-07-28 18:23:29 | 12855
/oak/stanford/groups/gentzkow/jccp/sherlock_test/lib/gslab_make/sphinx/build/doctrees/pages/api/run_program/gslab_make.run_program.run_lyx.doctree | 2022-07-28 18:23:28 | 22053
/oak/stanford/groups/gentzkow/jccp/sherlock_test/lib/gslab_make/docs/pages/sourcing.html | 2022-07-28 18:23:28 | 32888
/oak/stanford/groups/gentzkow/jccp/sherlock_test/lib/gslab_make/sphinx/build/html/_sources/pages/api/write_logs/gslab_make.write_logs.start_makelog.rst.txt | 2022-07-28 18:23:29 | 103
/oak/stanford/groups/gentzkow/jccp/sherlock_test/lib/gslab_make/sphinx/source/pages/api/move_sources/gslab_make.move_sources.link_inputs.rst | 2022-07-28 18:23:29 | 99
/oak/stanford/groups/gentzkow/jccp/sherlock_test/lib/gslab_make/build/lib/gslab_make/write_source_logs.py | 2022-07-28 18:23:28 | 4866
/oak/stanford/groups/gentzkow/jccp/sherlock_test/lib/gslab_make/gslab_make/private/__pycache__/movedirective.cpython-37.pyc | 2022-07-28 18:25:34 | 12315
/oak/stanford/groups/gentzkow/jccp/sherlock_test/lib/gslab_make/sphinx/source/pages/api/run_program/gslab_make.run_program.run_python.rst | 2022-07-28 18:23:29 | 95
/oak/stanford/groups/gentzkow/jccp/sherlock_test/lib/gslab_make/test/raw/tablefill/tablefill_template.lyx | 2022-07-28 18:23:29 | 4256
/oak/stanford/groups/gentzkow/jccp/sherlock_test/lib/gslab_make/sphinx/build/html/_sources/pages/general_logging.rst.txt | 2022-07-28 18:23:29 | 655
/oak/stanford/groups/gentzkow/jccp/sherlock_test/lib/gslab_make/test/raw/run_program/r_script.R | 2022-07-28 18:23:29 | 100
/oak/stanford/groups/gentzkow/jccp/sherlock_test/lib/gslab_make/sphinx/source/pages/api/move_sources/gslab_make.move_sources.copy_externals.rst | 2022-07-28 18:23:29 | 108
/oak/stanford/groups/gentzkow/jccp/sherlock_test/lib/gslab_make/sphinx/build/html/_sources/pages/api/check_repo/gslab_make.check_repo.check_conda_status.rst.txt | 2022-07-28 18:23:29 | 118
/oak/stanford/groups/gentzkow/jccp/sherlock_test/lib/gslab_make/test/raw/run_program/python_script_é.py | 2022-07-28 18:23:29 | 169
/oak/stanford/groups/gentzkow/jccp/sherlock_test/lib/gslab_make/docs/_static/fonts/fontawesome-webfont.woff2 | 2022-07-28 18:23:28 | 77160
/oak/stanford/groups/gentzkow/jccp/sherlock_test/lib/gslab_make/sphinx/build/html/_static/fonts/RobotoSlab/roboto-slab-v7-regular.ttf | 2022-07-28 18:23:29 | 169064
/oak/stanford/groups/gentzkow/jccp/sherlock_test/lib/gslab_make/gslab_make/__pycache__/run_program.cpython-37.pyc | 2022-07-28 18:25:34 | 30742
/oak/stanford/groups/gentzkow/jccp/sherlock_test/lib/gslab_make/sphinx/source/pages/api/check_repo/gslab_make.check_repo.get_modified_sources.rst | 2022-07-28 18:23:29 | 124
/oak/stanford/groups/gentzkow/jccp/sherlock_test/lib/gslab_make/sphinx/build/doctrees/pages/api/run_program/gslab_make.run_program.run_python.doctree | 2022-07-28 18:23:28 | 18456
/oak/stanford/groups/gentzkow/jccp/sherlock_test/lib/gslab_make/test/EXCLUDE_test_lyx.py | 2022-07-28 18:23:29 | 10072
/oak/stanford/groups/gentzkow/jccp/sherlock_test/lib/gslab_make/gslab_make/private/programdirective.py | 2022-07-28 18:23:28 | 10360
/oak/stanford/groups/gentzkow/jccp/sherlock_test/lib/gslab_make/docs/_static/fonts/Lato/lato-regular.eot | 2022-07-28 18:23:28 | 253461
/oak/stanford/groups/gentzkow/jccp/sherlock_test/lib/gslab_make/test/raw/run_program/python_script_╬▓.py | 2022-07-28 18:23:29 | 169
/oak/stanford/groups/gentzkow/jccp/sherlock_test/lib/gslab_make/docs/_static/css/fonts/lato-normal-italic.woff2 | 2022-07-28 18:23:28 | 195704
/oak/stanford/groups/gentzkow/jccp/sherlock_test/lib/gslab_make/build/lib/gslab_make/tablefill_info.py | 2022-07-28 18:23:28 | 8432
/oak/stanford/groups/gentzkow/jccp/sherlock_test/lib/gslab_make/sphinx/build/html/pages/api/run_program/gslab_make.run_program.run_module.html | 2022-07-28 18:23:29 | 10038
/oak/stanford/groups/gentzkow/jccp/sherlock_test/lib/gslab_make/sphinx/build/doctrees/pages/api/modify_dir/gslab_make.modify_dir.zip_dir.doctree | 2022-07-28 18:23:28 | 7022
/oak/stanford/groups/gentzkow/jccp/sherlock_test/lib/gslab_make/sphinx/build/doctrees/pages/api/run_program/gslab_make.run_program.run_latex.doctree | 2022-07-28 18:23:28 | 19950
/oak/stanford/groups/gentzkow/jccp/sherlock_test/lib/gslab_make/test/raw/run_program/latex_file.tex | 2022-07-28 18:23:29 | 276
/oak/stanford/groups/gentzkow/jccp/sherlock_test/lib/gslab_make/sphinx/build/html/_static/fonts/fontawesome-webfont.ttf | 2022-07-28 18:23:29 | 165548
/oak/stanford/groups/gentzkow/jccp/sherlock_test/lib/gslab_make/sphinx/build/html/pages/api/run_program/gslab_make.run_program.run_latex.html | 2022-07-28 18:23:29 | 11465
/oak/stanford/groups/gentzkow/jccp/sherlock_test/lib/gslab_make/test/raw/run_program/perl_script.pl | 2022-07-28 18:23:29 | 208
/oak/stanford/groups/gentzkow/jccp/sherlock_test/lib/gslab_make/docs/_static/fonts/RobotoSlab/roboto-slab-v7-regular.woff | 2022-07-28 18:23:28 | 86288
/oak/stanford/groups/gentzkow/jccp/sherlock_test/lib/gslab_make/sphinx/source/pages/api/modify_dir/gslab_make.modify_dir.remove_dir.rst | 2022-07-28 18:23:29 | 94
/oak/stanford/groups/gentzkow/jccp/sherlock_test/lib/gslab_make/setup.cfg | 2022-07-28 18:23:28 | 416
/oak/stanford/groups/gentzkow/jccp/sherlock_test/lib/gslab_make/sphinx/build/html/pages/api/move_sources/gslab_make.move_sources.link_inputs.html | 2022-07-28 18:23:29 | 12821
/oak/stanford/groups/gentzkow/jccp/sherlock_test/lib/gslab_make/test/raw/move_sources/move_wildcard.txt | 2022-07-28 18:23:29 | 66
/oak/stanford/groups/gentzkow/jccp/sherlock_test/lib/gslab_make/test/test_modify_dir.py | 2022-07-28 18:23:29 | 7852
/oak/stanford/groups/gentzkow/jccp/sherlock_test/lib/gslab_make/sphinx/build/doctrees/pages/api/write_logs/gslab_make.write_logs.write_to_makelog.doctree | 2022-07-28 18:23:28 | 7972
/oak/stanford/groups/gentzkow/jccp/sherlock_test/lib/gslab_make/docs/_static/underscore-1.3.1.js | 2022-07-28 18:23:28 | 35168
/oak/stanford/groups/gentzkow/jccp/sherlock_test/lib/gslab_make/setup.py | 2022-07-28 18:23:28 | 738
/oak/stanford/groups/gentzkow/jccp/sherlock_test/lib/gslab_make/build/lib/gslab_make/private/messages.py | 2022-07-28 18:23:28 | 5991
/oak/stanford/groups/gentzkow/jccp/sherlock_test/lib/gslab_make/docs/_static/fonts/Lato/lato-regular.woff2 | 2022-07-28 18:23:28 | 182708
/oak/stanford/groups/gentzkow/jccp/sherlock_test/lib/gslab_make/docs/_sources/pages/program.rst.txt | 2022-07-28 18:23:28 | 2704
/oak/stanford/groups/gentzkow/jccp/sherlock_test/lib/gslab_make/sphinx/source/pages/api/make_utility/gslab_make.make_utility.update_external_paths.rst | 2022-07-28 18:23:29 | 129
/oak/stanford/groups/gentzkow/jccp/sherlock_test/lib/gslab_make/docs/pages/api/run_program/gslab_make.run_program.run_python.html | 2022-07-28 18:23:28 | 11008
/oak/stanford/groups/gentzkow/jccp/sherlock_test/lib/gslab_make/docs/pages/api/run_program/gslab_make.run_program.run_stata.html | 2022-07-28 18:23:28 | 11295
/oak/stanford/groups/gentzkow/jccp/sherlock_test/lib/gslab_make/sphinx/build/html/pages/api/run_program/gslab_make.run_program.run_lyx.html | 2022-07-28 18:23:29 | 11916
/oak/stanford/groups/gentzkow/jccp/sherlock_test/lib/gslab_make/gslab_make/private/__pycache__/exceptionclasses.cpython-37.pyc | 2022-07-28 18:25:34 | 1420
/oak/stanford/groups/gentzkow/jccp/sherlock_test/data/output/data_cleaned.csv | 2022-07-28 20:36:57 | 10260923
/oak/stanford/groups/gentzkow/jccp/sherlock_test/lib/gslab_make/sphinx/build/html/_static/fonts/Lato/lato-bolditalic.eot | 2022-07-28 18:23:29 | 266158
/oak/stanford/groups/gentzkow/jccp/sherlock_test/lib/gslab_make/sphinx/build/html/pages/program.html | 2022-07-28 18:23:29 | 61809
/oak/stanford/groups/gentzkow/jccp/sherlock_test/lib/gslab_make/docs/_static/fonts/RobotoSlab-Regular.ttf | 2022-07-28 18:23:28 | 169064
/oak/stanford/groups/gentzkow/jccp/sherlock_test/lib/gslab_make/docs/search.html | 2022-07-28 18:23:28 | 4599
/oak/stanford/groups/gentzkow/jccp/sherlock_test/lib/gslab_make/sphinx/build/html/_sources/pages/api/run_program/gslab_make.run_program.run_stat_transfer.rst.txt | 2022-07-28 18:23:29 | 116
/oak/stanford/groups/gentzkow/jccp/sherlock_test/lib/gslab_make/sphinx/source/pages/specifying_paths.rst | 2022-07-28 18:23:29 | 2616
/oak/stanford/groups/gentzkow/jccp/sherlock_test/lib/gslab_make/test/raw/tablefill/tablefill_duplicated.txt | 2022-07-28 18:23:29 | 66
/oak/stanford/groups/gentzkow/jccp/sherlock_test/lib/gslab_make/sphinx/source/pages/api/modify_dir/gslab_make.modify_dir.clear_dir.rst | 2022-07-28 18:23:29 | 91
/oak/stanford/groups/gentzkow/jccp/sherlock_test/lib/gslab_make/test/raw/run_program/lyx_file_╬▓.lyx | 2022-07-28 18:23:29 | 1608
/oak/stanford/groups/gentzkow/jccp/sherlock_test/lib/gslab_make/docs/_static/fonts/Lato/lato-italic.eot | 2022-07-28 18:23:28 | 268604
/oak/stanford/groups/gentzkow/jccp/sherlock_test/lib/gslab_make/test/raw/tablefill/tablefill.txt | 2022-07-28 18:23:29 | 66
/oak/stanford/groups/gentzkow/jccp/sherlock_test/lib/gslab_make/sphinx/build/html/pages/api/run_program/gslab_make.run_program.run_perl.html | 2022-07-28 18:23:29 | 11018
/oak/stanford/groups/gentzkow/jccp/sherlock_test/lib/gslab_make/sphinx/build/html/_static/fonts/Lato-Regular.ttf | 2022-07-28 18:23:29 | 656568
/oak/stanford/groups/gentzkow/jccp/sherlock_test/lib/gslab_make/sphinx/build/html/_sources/pages/api/write_logs/gslab_make.write_logs.log_files_in_output.rst.txt | 2022-07-28 18:23:29 | 121
/oak/stanford/groups/gentzkow/jccp/sherlock_test/lib/gslab_make/test/raw/run_program/perl_script space.pl | 2022-07-28 18:23:29 | 208
/oak/stanford/groups/gentzkow/jccp/sherlock_test/lib/gslab_make/gslab_make/textfill_info.py | 2022-07-28 18:23:28 | 6314
/oak/stanford/groups/gentzkow/jccp/sherlock_test/lib/gslab_make/sphinx/source/pages/api/run_program/gslab_make.run_program.run_mathematica.rst | 2022-07-28 18:23:29 | 110
/oak/stanford/groups/gentzkow/jccp/sherlock_test/lib/gslab_make/docs/_static/fonts/fontawesome-webfont.eot | 2022-07-28 18:23:28 | 165742
/oak/stanford/groups/gentzkow/jccp/sherlock_test/lib/gslab_make/gslab_make/__pycache__/check_repo.cpython-37.pyc | 2022-07-28 18:25:33 | 13817
/oak/stanford/groups/gentzkow/jccp/sherlock_test/lib/gslab_make/docs/pages/filling.html | 2022-07-28 18:23:28 | 16569
/oak/stanford/groups/gentzkow/jccp/sherlock_test/lib/gslab_make/docs/_static/fonts/RobotoSlab/roboto-slab-v7-regular.ttf | 2022-07-28 18:23:28 | 169064
/oak/stanford/groups/gentzkow/jccp/sherlock_test/lib/gslab_make/docs/_static/fonts/RobotoSlab/roboto-slab-v7-regular.woff2 | 2022-07-28 18:23:28 | 66444
/oak/stanford/groups/gentzkow/jccp/sherlock_test/lib/gslab_make/test/raw/log_outputs/dir_depth/dir_depth/depth_2.txt | 2022-07-28 18:23:29 | 20
/oak/stanford/groups/gentzkow/jccp/sherlock_test/lib/gslab_make/gslab_make/tablefill.py | 2022-07-28 18:23:28 | 20325
/oak/stanford/groups/gentzkow/jccp/sherlock_test/lib/gslab_make/gslab_make/tablefill_info.py | 2022-07-28 18:23:28 | 8432
/oak/stanford/groups/gentzkow/jccp/sherlock_test/lib/gslab_make/docs/_static/doctools.js | 2022-07-28 18:23:28 | 10766
/oak/stanford/groups/gentzkow/jccp/sherlock_test/lib/gslab_make/sphinx/build/html/_sources/pages/api/run_program/gslab_make.run_program.run_latex.rst.txt | 2022-07-28 18:23:29 | 92
/oak/stanford/groups/gentzkow/jccp/sherlock_test/lib/gslab_make/sphinx/build/html/_static/language_data.js | 2022-07-28 18:23:29 | 10854
/oak/stanford/groups/gentzkow/jccp/sherlock_test/lib/gslab_make/sphinx/build/doctrees/pages/source_logging.doctree | 2022-07-28 18:23:29 | 20296
/oak/stanford/groups/gentzkow/jccp/sherlock_test/lib/gslab_make/sphinx/build/html/_static/css/fonts/lato-bold.woff2 | 2022-07-28 18:23:29 | 184912
/oak/stanford/groups/gentzkow/jccp/sherlock_test/lib/gslab_make/gslab_make/modify_dir.py | 2022-07-28 18:23:28 | 7384
/oak/stanford/groups/gentzkow/jccp/sherlock_test/lib/gslab_make/docs/pages/general_logging.html | 2022-07-28 18:23:28 | 14541
/oak/stanford/groups/gentzkow/jccp/sherlock_test/lib/gslab_make/test/raw/run_program/r_script_╬▓.R | 2022-07-28 18:23:29 | 107
/oak/stanford/groups/gentzkow/jccp/sherlock_test/lib/gslab_make/test/raw/config/config_user_empty.yaml | 2022-07-28 18:23:29 | 96
/oak/stanford/groups/gentzkow/jccp/sherlock_test/lib/gslab_make/docs/index.html | 2022-07-28 18:23:28 | 7356
/oak/stanford/groups/gentzkow/jccp/sherlock_test/lib/gslab_make/sphinx/build/doctrees/pages/dummy.doctree | 2022-07-28 18:23:28 | 51355
/oak/stanford/groups/gentzkow/jccp/sherlock_test/lib/gslab_make/sphinx/build/doctrees/environment.pickle | 2022-07-28 18:23:28 | 68058
/oak/stanford/groups/gentzkow/jccp/sherlock_test/lib/gslab_make/test/utility.py | 2022-07-28 18:23:29 | 1404
/oak/stanford/groups/gentzkow/jccp/sherlock_test/lib/gslab_make/docs/genindex.html | 2022-07-28 18:23:28 | 12932
/oak/stanford/groups/gentzkow/jccp/sherlock_test/lib/gslab_make/docs/pages/api/modify_dir/gslab_make.modify_dir.unzip.html | 2022-07-28 18:23:28 | 6505
/oak/stanford/groups/gentzkow/jccp/sherlock_test/lib/gslab_make/docs/_sources/pages/api/make_utility/gslab_make.make_utility.copy_output.rst.txt | 2022-07-28 18:23:28 | 99
/oak/stanford/groups/gentzkow/jccp/sherlock_test/lib/gslab_make/test/raw/move_sources/move_file.txt | 2022-07-28 18:23:29 | 64
/oak/stanford/groups/gentzkow/jccp/sherlock_test/lib/gslab_make/sphinx/build/html/_static/fonts/Inconsolata-Regular.ttf | 2022-07-28 18:23:29 | 96964
/oak/stanford/groups/gentzkow/jccp/sherlock_test/lib/gslab_make/sphinx/build/html/_static/jquery-3.2.1.js | 2022-07-28 18:23:29 | 268039
/oak/stanford/groups/gentzkow/jccp/sherlock_test/lib/gslab_make/docs/pages/api/tablefill/gslab_make.tablefill.tablefill.html | 2022-07-28 18:23:28 | 16332
/oak/stanford/groups/gentzkow/jccp/sherlock_test/lib/gslab_make/sphinx/build/html/pages/sourcing.html | 2022-07-28 18:23:29 | 32888
/oak/stanford/groups/gentzkow/jccp/sherlock_test/lib/gslab_make/test/raw/log_outputs/dir_depth/depth_1.txt | 2022-07-28 18:23:29 | 20
/oak/stanford/groups/gentzkow/jccp/sherlock_test/lib/gslab_make/sphinx/source/index.rst | 2022-07-28 18:23:29 | 1039
/oak/stanford/groups/gentzkow/jccp/sherlock_test/lib/gslab_make/docs/_static/css/fonts/Roboto-Slab-Bold.woff2 | 2022-07-28 18:23:28 | 67312
/oak/stanford/groups/gentzkow/jccp/sherlock_test/lib/gslab_make/docs/_sources/pages/api/write_logs/gslab_make.write_logs.end_makelog.rst.txt | 2022-07-28 18:23:28 | 97
/oak/stanford/groups/gentzkow/jccp/sherlock_test/lib/gslab_make/docs/_static/js/theme.js | 2022-07-28 18:23:28 | 5023
/oak/stanford/groups/gentzkow/jccp/sherlock_test/lib/gslab_make/sphinx/source/pages/repository.rst | 2022-07-28 18:23:29 | 363
/oak/stanford/groups/gentzkow/jccp/sherlock_test/lib/gslab_make/sphinx/build/html/_sources/pages/api/run_program/gslab_make.run_program.run_jupyter.rst.txt | 2022-07-28 18:23:29 | 98
/oak/stanford/groups/gentzkow/jccp/sherlock_test/lib/gslab_make/sphinx/build/html/_static/graphviz.css | 2022-07-28 18:23:29 | 299
/oak/stanford/groups/gentzkow/jccp/sherlock_test/lib/gslab_make/docs/_static/fonts/Lato-Regular.ttf | 2022-07-28 18:23:28 | 656568
/oak/stanford/groups/gentzkow/jccp/sherlock_test/lib/gslab_make/docs/_static/fonts/Lato/lato-italic.woff2 | 2022-07-28 18:23:28 | 195704
/oak/stanford/groups/gentzkow/jccp/sherlock_test/lib/gslab_make/sphinx/source/pages/api/write_logs/gslab_make.write_logs.log_files_in_output.rst | 2022-07-28 18:23:29 | 121
/oak/stanford/groups/gentzkow/jccp/sherlock_test/lib/gslab_make/sphinx/build/html/pages/api/modify_dir/gslab_make.modify_dir.clear_dir.html | 2022-07-28 18:23:29 | 7673
/oak/stanford/groups/gentzkow/jccp/sherlock_test/lib/gslab_make/sphinx/source/pages/dummy.rst | 2022-07-28 18:23:29 | 741
/oak/stanford/groups/gentzkow/jccp/sherlock_test/lib/gslab_make/test/raw/move_sources/move space.txt | 2022-07-28 18:23:29 | 76
/oak/stanford/groups/gentzkow/jccp/sherlock_test/lib/gslab_make/sphinx/source/pages/api/run_program/gslab_make.run_program.run_module.rst | 2022-07-28 18:23:29 | 95
/oak/stanford/groups/gentzkow/jccp/sherlock_test/lib/gslab_make/build/lib/test/test_log_outputs.py | 2022-07-28 18:23:28 | 5431
/oak/stanford/groups/gentzkow/jccp/sherlock_test/lib/gslab_make/docs/pages/api/make_utility/gslab_make.make_utility.update_executables.html | 2022-07-28 18:23:28 | 7972
/oak/stanford/groups/gentzkow/jccp/sherlock_test/lib/gslab_make/build/lib/test/test_python.py | 2022-07-28 18:23:28 | 7833
/oak/stanford/groups/gentzkow/jccp/sherlock_test/lib/gslab_make/docs/_static/css/fonts/fontawesome-webfont.svg | 2022-07-28 18:23:28 | 444379
/oak/stanford/groups/gentzkow/jccp/sherlock_test/lib/gslab_make/sphinx/build/html/_static/fonts/fontawesome-webfont.woff | 2022-07-28 18:23:29 | 98024
/oak/stanford/groups/gentzkow/jccp/sherlock_test/lib/gslab_make/sphinx/source/pages/api/move_sources/gslab_make.move_sources.link_externals.rst | 2022-07-28 18:23:29 | 108
/oak/stanford/groups/gentzkow/jccp/sherlock_test/lib/gslab_make/sphinx/build/html/pages/api/run_program/gslab_make.run_program.run_python.html | 2022-07-28 18:23:29 | 11008
/oak/stanford/groups/gentzkow/jccp/sherlock_test/lib/gslab_make/build/lib/test/WIP_test_matlab.py | 2022-07-28 18:23:28 | 8781
/oak/stanford/groups/gentzkow/jccp/sherlock_test/lib/gslab_make/sphinx/build/doctrees/pages/api/move_sources/gslab_make.move_sources.copy_externals.doctree | 2022-07-28 18:23:28 | 20913
/oak/stanford/groups/gentzkow/jccp/sherlock_test/lib/gslab_make/docs/pages/api/run_program/gslab_make.run_program.run_mathematica.html | 2022-07-28 18:23:28 | 11027
/oak/stanford/groups/gentzkow/jccp/sherlock_test/lib/gslab_make/sphinx/build/doctrees/pages/api/make_utility/gslab_make.make_utility.copy_output.doctree | 2022-07-28 18:23:28 | 7108
/oak/stanford/groups/gentzkow/jccp/sherlock_test/lib/gslab_make/sphinx/source/pages/api/run_program/gslab_make.run_program.run_stat_transfer.rst | 2022-07-28 18:23:29 | 116
/oak/stanford/groups/gentzkow/jccp/sherlock_test/lib/gslab_make/sphinx/build/doctrees/pages/api/run_program/gslab_make.run_program.run_jupyter.doctree | 2022-07-28 18:23:28 | 13879
/oak/stanford/groups/gentzkow/jccp/sherlock_test/lib/gslab_make/sphinx/build/doctrees/pages/api/write_source_logs/gslab_make.write_source_logs.write_source_logs.doctree | 2022-07-28 18:23:28 | 19086
/oak/stanford/groups/gentzkow/jccp/sherlock_test/lib/gslab_make/test/raw/run_program/lyx_file_comments.lyx | 2022-07-28 18:23:29 | 1694
/oak/stanford/groups/gentzkow/jccp/sherlock_test/lib/gslab_make/sphinx/build/html/index.html | 2022-07-28 18:23:29 | 7356
/oak/stanford/groups/gentzkow/jccp/sherlock_test/lib/gslab_make/sphinx/build/html/_sources/pages/api/move_sources/gslab_make.move_sources.copy_inputs.rst.txt | 2022-07-28 18:23:29 | 99
/oak/stanford/groups/gentzkow/jccp/sherlock_test/lib/gslab_make/docs/_static/css/fonts/lato-normal.woff2 | 2022-07-28 18:23:28 | 182708
/oak/stanford/groups/gentzkow/jccp/sherlock_test/lib/gslab_make/gslab_make/run_program.py | 2022-07-28 18:23:28 | 39416
/oak/stanford/groups/gentzkow/jccp/sherlock_test/lib/gslab_make/test/raw/log_sources/dir_depth/depth_1.txt | 2022-07-28 18:23:29 | 20
/oak/stanford/groups/gentzkow/jccp/sherlock_test/lib/gslab_make/docs/pages/api/move_sources/gslab_make.move_sources.link_externals.html | 2022-07-28 18:23:28 | 12855
/oak/stanford/groups/gentzkow/jccp/sherlock_test/lib/gslab_make/build/lib/gslab_make/textfill_info.py | 2022-07-28 18:23:28 | 6314
/oak/stanford/groups/gentzkow/jccp/sherlock_test/lib/gslab_make/test/raw/run_program/stata_script_error.do | 2022-07-28 18:23:29 | 5
/oak/stanford/groups/gentzkow/jccp/sherlock_test/lib/gslab_make/test/raw/log_sources/dir_╬▓/file_╬▓.txt | 2022-07-28 18:23:29 | 25
/oak/stanford/groups/gentzkow/jccp/sherlock_test/lib/gslab_make/docs/_static/fonts/Lato/lato-bolditalic.ttf | 2022-07-28 18:23:28 | 622572
/oak/stanford/groups/gentzkow/jccp/sherlock_test/lib/gslab_make/sphinx/build/doctrees/pages/utility.doctree | 2022-07-28 18:23:29 | 27943
/oak/stanford/groups/gentzkow/jccp/sherlock_test/lib/gslab_make/sphinx/build/doctrees/pages/sourcing.doctree | 2022-07-28 18:23:29 | 78718
/oak/stanford/groups/gentzkow/jccp/sherlock_test/lib/gslab_make/sphinx/build/html/_sources/pages/api/run_program/gslab_make.run_program.run_python.rst.txt | 2022-07-28 18:23:29 | 95
/oak/stanford/groups/gentzkow/jccp/sherlock_test/lib/gslab_make/sphinx/source/pages/api/modify_dir/gslab_make.modify_dir.unzip.rst | 2022-07-28 18:23:29 | 79
/oak/stanford/groups/gentzkow/jccp/sherlock_test/lib/gslab_make/test/raw/tablefill/tablefill_template_missing_input.lyx | 2022-07-28 18:23:29 | 4264
/oak/stanford/groups/gentzkow/jccp/sherlock_test/lib/gslab_make/test/raw/move_sources/file_╬▓.txt | 2022-07-28 18:23:29 | 0
/oak/stanford/groups/gentzkow/jccp/sherlock_test/lib/gslab_make/sphinx/build/html/pages/api/modify_dir/gslab_make.modify_dir.remove_dir.html | 2022-07-28 18:23:29 | 7872
/oak/stanford/groups/gentzkow/jccp/sherlock_test/lib/gslab_make/docs/_static/js/html5shiv.min.js | 2022-07-28 18:23:28 | 2734
/oak/stanford/groups/gentzkow/jccp/sherlock_test/lib/gslab_make/sphinx/source/pages/directory.rst | 2022-07-28 18:23:29 | 344
/oak/stanford/groups/gentzkow/jccp/sherlock_test/lib/gslab_make/sphinx/build/html/_static/fonts/RobotoSlab/roboto-slab-v7-regular.eot | 2022-07-28 18:23:29 | 78331
/oak/stanford/groups/gentzkow/jccp/sherlock_test/lib/gslab_make/docs/_static/fonts/Lato/lato-italic.woff | 2022-07-28 18:23:28 | 328412
/oak/stanford/groups/gentzkow/jccp/sherlock_test/lib/gslab_make/gslab_make/__pycache__/write_source_logs.cpython-37.pyc | 2022-07-28 18:25:38 | 4603
/oak/stanford/groups/gentzkow/jccp/sherlock_test/lib/gslab_make/sphinx/build/doctrees/pages/api/tablefill/gslab_make.tablefill.tablefill.doctree | 2022-07-28 18:23:28 | 27771
/oak/stanford/groups/gentzkow/jccp/sherlock_test/lib/gslab_make/sphinx/source/pages/api/run_program/gslab_make.run_program.run_matlab.rst | 2022-07-28 18:23:29 | 95
/oak/stanford/groups/gentzkow/jccp/sherlock_test/lib/gslab_make/docs/_sources/pages/api/run_program/gslab_make.run_program.run_mathematica.rst.txt | 2022-07-28 18:23:28 | 110
/oak/stanford/groups/gentzkow/jccp/sherlock_test/lib/gslab_make/test/WIP_test_latex.py | 2022-07-28 18:23:29 | 2298
/oak/stanford/groups/gentzkow/jccp/sherlock_test/lib/gslab_make/build/lib/gslab_make/__init__.py | 2022-07-28 18:23:28 | 2685
/oak/stanford/groups/gentzkow/jccp/sherlock_test/lib/gslab_make/sphinx/build/html/_static/fonts/RobotoSlab/roboto-slab-v7-bold.woff2 | 2022-07-28 18:23:29 | 67312
/oak/stanford/groups/gentzkow/jccp/sherlock_test/lib/gslab_make/sphinx/build/html/pages/source_logging.html | 2022-07-28 18:23:29 | 10468
/oak/stanford/groups/gentzkow/jccp/sherlock_test/lib/gslab_make/sphinx/build/html/_sources/pages/api/modify_dir/gslab_make.modify_dir.unzip.rst.txt | 2022-07-28 18:23:29 | 79
/oak/stanford/groups/gentzkow/jccp/sherlock_test/lib/gslab_make/build/lib/gslab_make/textfill.py | 2022-07-28 18:23:28 | 5952
/oak/stanford/groups/gentzkow/jccp/sherlock_test/lib/gslab_make/sphinx/build/html/_static/css/fonts/lato-bold-italic.woff2 | 2022-07-28 18:23:29 | 193308
/oak/stanford/groups/gentzkow/jccp/sherlock_test/lib/gslab_make/build/lib/gslab_make/make_utility.py | 2022-07-28 18:23:28 | 5785
/oak/stanford/groups/gentzkow/jccp/sherlock_test/lib/gslab_make/docs/_sources/pages/api/run_program/gslab_make.run_program.run_stata.rst.txt | 2022-07-28 18:23:28 | 92
/oak/stanford/groups/gentzkow/jccp/sherlock_test/lib/gslab_make/test/test_make_utility.py | 2022-07-28 18:23:29 | 4867
/oak/stanford/groups/gentzkow/jccp/sherlock_test/lib/gslab_make/sphinx/build/html/pages/api/make_utility/gslab_make.make_utility.update_internal_paths.html | 2022-07-28 18:23:29 | 7663
/oak/stanford/groups/gentzkow/jccp/sherlock_test/lib/gslab_make/test/raw/move_sources/move_missing.txt | 2022-07-28 18:23:29 | 80
/oak/stanford/groups/gentzkow/jccp/sherlock_test/lib/gslab_make/sphinx/build/html/pages/api/check_repo/gslab_make.check_repo.check_module_size.html | 2022-07-28 18:23:29 | 8048
/oak/stanford/groups/gentzkow/jccp/sherlock_test/lib/gslab_make/docs/pages/utility.html | 2022-07-28 18:23:28 | 11836
/oak/stanford/groups/gentzkow/jccp/sherlock_test/lib/gslab_make/sphinx/build/html/genindex.html | 2022-07-28 18:23:29 | 12932
/oak/stanford/groups/gentzkow/jccp/sherlock_test/lib/gslab_make/sphinx/source/pages/api/run_program/gslab_make.run_program.run_lyx.rst | 2022-07-28 18:23:29 | 86
/oak/stanford/groups/gentzkow/jccp/sherlock_test/lib/gslab_make/sphinx/source/pages/api/make_utility/gslab_make.make_utility.update_internal_paths.rst | 2022-07-28 18:23:29 | 129
/oak/stanford/groups/gentzkow/jccp/sherlock_test/lib/gslab_make/docs/_sources/pages/api/make_utility/gslab_make.make_utility.update_internal_paths.rst.txt | 2022-07-28 18:23:28 | 129
/oak/stanford/groups/gentzkow/jccp/sherlock_test/lib/gslab_make/docs/_sources/pages/general_logging.rst.txt | 2022-07-28 18:23:28 | 655
/oak/stanford/groups/gentzkow/jccp/sherlock_test/lib/gslab_make/gslab_make/private/__pycache__/metadata.cpython-37.pyc | 2022-07-28 18:25:34 | 2017
/oak/stanford/groups/gentzkow/jccp/sherlock_test/lib/gslab_make/docs/_static/js/html5shiv-printshiv.min.js | 2022-07-28 18:23:28 | 4370
/oak/stanford/groups/gentzkow/jccp/sherlock_test/lib/gslab_make/sphinx/build/doctrees/pages/api/check_repo/gslab_make.check_repo.check_conda_status.doctree | 2022-07-28 18:23:28 | 6070
/oak/stanford/groups/gentzkow/jccp/sherlock_test/lib/gslab_make/docs/_sources/pages/api/write_source_logs/gslab_make.write_source_logs.write_source_logs.rst.txt | 2022-07-28 18:23:28 | 122
/oak/stanford/groups/gentzkow/jccp/sherlock_test/lib/gslab_make/sphinx/build/html/_static/fonts/Lato/lato-regular.woff | 2022-07-28 18:23:29 | 309192
/oak/stanford/groups/gentzkow/jccp/sherlock_test/lib/gslab_make/docs/_static/fonts/RobotoSlab/roboto-slab-v7-bold.woff2 | 2022-07-28 18:23:28 | 67312
/oak/stanford/groups/gentzkow/jccp/sherlock_test/lib/gslab_make/gslab_make/private/__pycache__/utility.cpython-37.pyc | 2022-07-28 18:25:34 | 6432
/oak/stanford/groups/gentzkow/jccp/sherlock_test/lib/gslab_make/sphinx/build/html/_static/js/badge_only.js | 2022-07-28 18:23:29 | 934
/oak/stanford/groups/gentzkow/jccp/sherlock_test/lib/gslab_make/docs/_sources/pages/api/run_program/gslab_make.run_program.run_module.rst.txt | 2022-07-28 18:23:28 | 95
/oak/stanford/groups/gentzkow/jccp/sherlock_test/lib/gslab_make/sphinx/build/html/pages/directory.html | 2022-07-28 18:23:29 | 12560
/oak/stanford/groups/gentzkow/jccp/sherlock_test/lib/gslab_make/sphinx/build/html/pages/filling.html | 2022-07-28 18:23:29 | 16569
/oak/stanford/groups/gentzkow/jccp/sherlock_test/lib/gslab_make/docs/_sources/pages/api/modify_dir/gslab_make.modify_dir.clear_dir.rst.txt | 2022-07-28 18:23:28 | 91
/oak/stanford/groups/gentzkow/jccp/sherlock_test/lib/gslab_make/docs/pages/api/write_logs/gslab_make.write_logs.write_to_makelog.html | 2022-07-28 18:23:28 | 7303
/oak/stanford/groups/gentzkow/jccp/sherlock_test/lib/gslab_make/docs/_sources/pages/utility.rst.txt | 2022-07-28 18:23:28 | 327
/oak/stanford/groups/gentzkow/jccp/sherlock_test/lib/gslab_make/sphinx/build/html/_static/underscore.js | 2022-07-28 18:23:29 | 19530
/oak/stanford/groups/gentzkow/jccp/sherlock_test/lib/gslab_make/sphinx/build/doctrees/pages/repository.doctree | 2022-07-28 18:23:29 | 24702
/oak/stanford/groups/gentzkow/jccp/sherlock_test/lib/gslab_make/docs/pages/repository.html | 2022-07-28 18:23:28 | 11054
/oak/stanford/groups/gentzkow/jccp/sherlock_test/lib/gslab_make/sphinx/build/html/_static/fonts/Inconsolata.ttf | 2022-07-28 18:23:29 | 63184
/oak/stanford/groups/gentzkow/jccp/sherlock_test/lib/gslab_make/test/raw/run_program/python_script_error.py | 2022-07-28 18:23:29 | 5
/oak/stanford/groups/gentzkow/jccp/sherlock_test/lib/gslab_make/sphinx/build/html/_static/css/fonts/lato-normal-italic.woff | 2022-07-28 18:23:29 | 328412
/oak/stanford/groups/gentzkow/jccp/sherlock_test/lib/gslab_make/sphinx/build/html/pages/api/move_sources/gslab_make.move_sources.copy_externals.html | 2022-07-28 18:23:29 | 12632
/oak/stanford/groups/gentzkow/jccp/sherlock_test/lib/gslab_make/sphinx/build/html/pages/specifying_paths.html | 2022-07-28 18:23:29 | 11661
/oak/stanford/groups/gentzkow/jccp/sherlock_test/lib/gslab_make/sphinx/build/html/_sources/pages/api/modify_dir/gslab_make.modify_dir.clear_dir.rst.txt | 2022-07-28 18:23:29 | 91
/oak/stanford/groups/gentzkow/jccp/sherlock_test/lib/gslab_make/sphinx/build/html/_static/jquery.js | 2022-07-28 18:23:29 | 89476
/oak/stanford/groups/gentzkow/jccp/sherlock_test/lib/gslab_make/sphinx/source/pages/api/make_utility/gslab_make.make_utility.copy_output.rst | 2022-07-28 18:23:29 | 99
/oak/stanford/groups/gentzkow/jccp/sherlock_test/lib/gslab_make/docs/_sources/pages/api/run_program/gslab_make.run_program.run_sas.rst.txt | 2022-07-28 18:23:28 | 86
/oak/stanford/groups/gentzkow/jccp/sherlock_test/lib/gslab_make/docs/_sources/pages/api/check_repo/gslab_make.check_repo.check_module_size.rst.txt | 2022-07-28 18:23:28 | 115
/oak/stanford/groups/gentzkow/jccp/sherlock_test/lib/gslab_make/sphinx/build/html/_sources/pages/api/run_program/gslab_make.run_program.run_sas.rst.txt | 2022-07-28 18:23:29 | 86
/oak/stanford/groups/gentzkow/jccp/sherlock_test/lib/gslab_make/gslab_make/__pycache__/move_sources.cpython-37.pyc | 2022-07-28 18:25:34 | 18483
/oak/stanford/groups/gentzkow/jccp/sherlock_test/lib/gslab_make/test/raw/tablefill/tablefill_template_╬▓.lyx | 2022-07-28 18:23:29 | 4263
/oak/stanford/groups/gentzkow/jccp/sherlock_test/lib/gslab_make/sphinx/Makefile | 2022-07-28 18:23:28 | 683
/oak/stanford/groups/gentzkow/jccp/sherlock_test/lib/gslab_make/sphinx/build/doctrees/pages/api/move_sources/gslab_make.move_sources.copy_inputs.doctree | 2022-07-28 18:23:28 | 20820
/oak/stanford/groups/gentzkow/jccp/sherlock_test/lib/gslab_make/sphinx/build/html/_static/fonts/RobotoSlab-Regular.ttf | 2022-07-28 18:23:29 | 169064
/oak/stanford/groups/gentzkow/jccp/sherlock_test/lib/gslab_make/test/raw/run_program/perl_script_error.pl | 2022-07-28 18:23:29 | 5
/oak/stanford/groups/gentzkow/jccp/sherlock_test/lib/gslab_make/test/raw/run_program/lyx_file_comments_comments.lyx.bak | 2022-07-28 18:23:29 | 1694
/oak/stanford/groups/gentzkow/jccp/sherlock_test/lib/gslab_make/sphinx/build/html/_static/pygments.css | 2022-07-28 18:23:29 | 4819
/oak/stanford/groups/gentzkow/jccp/sherlock_test/lib/gslab_make/docs/_static/searchtools.js | 2022-07-28 18:23:28 | 16634
/oak/stanford/groups/gentzkow/jccp/sherlock_test/lib/gslab_make/sphinx/build/html/pages/dummy.html | 2022-07-28 18:23:29 | 18034
/oak/stanford/groups/gentzkow/jccp/sherlock_test/lib/gslab_make/docs/pages/program.html | 2022-07-28 18:23:28 | 61809
/oak/stanford/groups/gentzkow/jccp/sherlock_test/lib/gslab_make/sphinx/build/doctrees/pages/filling.doctree | 2022-07-28 18:23:28 | 28685
/oak/stanford/groups/gentzkow/jccp/sherlock_test/lib/gslab_make/docs/_static/css/fonts/fontawesome-webfont.woff | 2022-07-28 18:23:28 | 98024
/oak/stanford/groups/gentzkow/jccp/sherlock_test/lib/gslab_make/test/raw/run_program/lyx_file space.lyx | 2022-07-28 18:23:29 | 1608
/oak/stanford/groups/gentzkow/jccp/sherlock_test/lib/gslab_make/gslab_make/private/subprocess_fix.py | 2022-07-28 18:23:28 | 5428
/oak/stanford/groups/gentzkow/jccp/sherlock_test/lib/gslab_make/sphinx/build/html/pages/api/run_program/gslab_make.run_program.run_stata.html | 2022-07-28 18:23:29 | 11295
/oak/stanford/groups/gentzkow/jccp/sherlock_test/lib/gslab_make/docs/_static/graphviz.css | 2022-07-28 18:23:28 | 299
/oak/stanford/groups/gentzkow/jccp/sherlock_test/lib/gslab_make/sphinx/source/pages/api/write_logs/gslab_make.write_logs.end_makelog.rst | 2022-07-28 18:23:29 | 97
/oak/stanford/groups/gentzkow/jccp/sherlock_test/lib/gslab_make/sphinx/source/pages/api/write_logs/gslab_make.write_logs.write_to_makelog.rst | 2022-07-28 18:23:29 | 112
/oak/stanford/groups/gentzkow/jccp/sherlock_test/lib/gslab_make/docs/_static/css/fonts/Roboto-Slab-Regular.woff2 | 2022-07-28 18:23:28 | 66444
/oak/stanford/groups/gentzkow/jccp/sherlock_test/lib/gslab_make/test/test_tablefill.py | 2022-07-28 18:23:29 | 4588
/oak/stanford/groups/gentzkow/jccp/sherlock_test/lib/gslab_make/sphinx/source/pages/sourcing.rst | 2022-07-28 18:23:29 | 548
/oak/stanford/groups/gentzkow/jccp/sherlock_test/lib/gslab_make/docs/_sources/pages/api/check_repo/gslab_make.check_repo.check_conda_status.rst.txt | 2022-07-28 18:23:28 | 118
/oak/stanford/groups/gentzkow/jccp/sherlock_test/lib/gslab_make/sphinx/source/pages/api/run_program/gslab_make.run_program.run_sas.rst | 2022-07-28 18:23:29 | 86
/oak/stanford/groups/gentzkow/jccp/sherlock_test/lib/gslab_make/docs/_sources/pages/api/run_program/gslab_make.run_program.execute_command.rst.txt | 2022-07-28 18:23:28 | 110
/oak/stanford/groups/gentzkow/jccp/sherlock_test/lib/gslab_make/docs/pages/api/run_program/gslab_make.run_program.run_stat_transfer.html | 2022-07-28 18:23:28 | 11136
/oak/stanford/groups/gentzkow/jccp/sherlock_test/lib/gslab_make/sphinx/build/html/_static/css/fonts/fontawesome-webfont.woff2 | 2022-07-28 18:23:29 | 77160
/oak/stanford/groups/gentzkow/jccp/sherlock_test/lib/gslab_make/docs/pages/api/run_program/gslab_make.run_program.run_sas.html | 2022-07-28 18:23:28 | 11428
/oak/stanford/groups/gentzkow/jccp/sherlock_test/lib/gslab_make/sphinx/build/doctrees/pages/api/run_program/gslab_make.run_program.run_perl.doctree | 2022-07-28 18:23:28 | 18422
/oak/stanford/groups/gentzkow/jccp/sherlock_test/lib/gslab_make/docs/pages/api/run_program/gslab_make.run_program.run_latex.html | 2022-07-28 18:23:28 | 11465
/oak/stanford/groups/gentzkow/jccp/sherlock_test/lib/gslab_make/docs/_static/underscore-1.13.1.js | 2022-07-28 18:23:28 | 68420
/oak/stanford/groups/gentzkow/jccp/sherlock_test/lib/gslab_make/sphinx/source/pages/api/modify_dir/gslab_make.modify_dir.zip_dir.rst | 2022-07-28 18:23:29 | 85
/oak/stanford/groups/gentzkow/jccp/sherlock_test/lib/gslab_make/docs/_sources/pages/source_logging.rst.txt | 2022-07-28 18:23:28 | 380
/oak/stanford/groups/gentzkow/jccp/sherlock_test/lib/gslab_make/test/raw/config/config_user_╬▓.yaml | 2022-07-28 18:23:29 | 236
/oak/stanford/groups/gentzkow/jccp/sherlock_test/lib/gslab_make/sphinx/build/html/_static/minus.png | 2022-07-28 18:23:29 | 90
/oak/stanford/groups/gentzkow/jccp/sherlock_test/lib/gslab_make/build/lib/gslab_make/private/programdirective.py | 2022-07-28 18:23:28 | 10360
/oak/stanford/groups/gentzkow/jccp/sherlock_test/lib/gslab_make/test/raw/log_sources/move_depth.txt | 2022-07-28 18:23:29 | 65
/oak/stanford/groups/gentzkow/jccp/sherlock_test/lib/gslab_make/build/lib/test/test_makelog.py | 2022-07-28 18:23:28 | 2622
/oak/stanford/groups/gentzkow/jccp/sherlock_test/lib/gslab_make/gslab_make/private/exceptionclasses.py | 2022-07-28 18:23:28 | 943
/oak/stanford/groups/gentzkow/jccp/sherlock_test/lib/gslab_make/sphinx/build/html/_static/jquery-3.5.1.js | 2022-07-28 18:23:29 | 287630
/oak/stanford/groups/gentzkow/jccp/sherlock_test/lib/gslab_make/docs/_static/jquery-3.5.1.js | 2022-07-28 18:23:28 | 287630
/oak/stanford/groups/gentzkow/jccp/sherlock_test/lib/gslab_make/sphinx/build/doctrees/pages/directory.doctree | 2022-07-28 18:23:28 | 26996
/oak/stanford/groups/gentzkow/jccp/sherlock_test/lib/gslab_make/build/lib/gslab_make/private/subprocess_fix.py | 2022-07-28 18:23:28 | 5428
/oak/stanford/groups/gentzkow/jccp/sherlock_test/lib/gslab_make/test/raw/run_program/r_script space.R | 2022-07-28 18:23:29 | 100
/oak/stanford/groups/gentzkow/jccp/sherlock_test/lib/gslab_make/test/raw/config/config_user_bad.yaml | 2022-07-28 18:23:29 | 131
/oak/stanford/groups/gentzkow/jccp/sherlock_test/lib/gslab_make/sphinx/build/doctrees/pages/general_logging.doctree | 2022-07-28 18:23:29 | 35223
/oak/stanford/groups/gentzkow/jccp/sherlock_test/lib/gslab_make/sphinx/build/doctrees/pages/api/make_utility/gslab_make.make_utility.update_internal_paths.doctree | 2022-07-28 18:23:28 | 8594
/oak/stanford/groups/gentzkow/jccp/sherlock_test/lib/gslab_make/build/lib/test/test_make_utility.py | 2022-07-28 18:23:28 | 4867
/oak/stanford/groups/gentzkow/jccp/sherlock_test/lib/gslab_make/docs/objects.inv | 2022-07-28 18:23:28 | 1891
/oak/stanford/groups/gentzkow/jccp/sherlock_test/lib/gslab_make/docs/_static/js/badge_only.js | 2022-07-28 18:23:28 | 934
/oak/stanford/groups/gentzkow/jccp/sherlock_test/lib/gslab_make/test/test_python.py | 2022-07-28 18:23:29 | 7833
/oak/stanford/groups/gentzkow/jccp/sherlock_test/lib/gslab_make/build/lib/test/test_log_sources.py | 2022-07-28 18:23:28 | 5021
/oak/stanford/groups/gentzkow/jccp/sherlock_test/lib/gslab_make/sphinx/build/html/_sources/pages/api/run_program/gslab_make.run_program.run_perl.rst.txt | 2022-07-28 18:23:29 | 89
/oak/stanford/groups/gentzkow/jccp/sherlock_test/lib/gslab_make/test/raw/tablefill/tablefill space.txt | 2022-07-28 18:23:29 | 66
/oak/stanford/groups/gentzkow/jccp/sherlock_test/lib/gslab_make/test/raw/run_program/matlab_script space.m | 2022-07-28 18:23:29 | 84
/oak/stanford/groups/gentzkow/jccp/sherlock_test/lib/gslab_make/test/raw/move_sources/move_╬▓.txt | 2022-07-28 18:23:29 | 78
/oak/stanford/groups/gentzkow/jccp/sherlock_test/lib/gslab_make/sphinx/source/pages/api/run_program/gslab_make.run_program.execute_command.rst | 2022-07-28 18:23:29 | 110
/oak/stanford/groups/gentzkow/jccp/sherlock_test/lib/gslab_make/test/README.md | 2022-07-28 18:23:29 | 830
/oak/stanford/groups/gentzkow/jccp/sherlock_test/lib/gslab_make/test/EXCLUDE_test_perl.py | 2022-07-28 18:23:29 | 9024
/oak/stanford/groups/gentzkow/jccp/sherlock_test/lib/gslab_make/docs/_static/css/fonts/fontawesome-webfont.ttf | 2022-07-28 18:23:28 | 165548
/oak/stanford/groups/gentzkow/jccp/sherlock_test/lib/gslab_make/test/raw/log_outputs/dir_╬▓/file_╬▓.txt | 2022-07-28 18:23:29 | 25
/oak/stanford/groups/gentzkow/jccp/sherlock_test/lib/gslab_make/docs/_static/css/badge_only.css | 2022-07-28 18:23:28 | 3275
/oak/stanford/groups/gentzkow/jccp/sherlock_test/lib/gslab_make/sphinx/build/doctrees/pages/program.doctree | 2022-07-28 18:23:29 | 214530
/oak/stanford/groups/gentzkow/jccp/sherlock_test/lib/gslab_make/sphinx/build/html/pages/api/modify_dir/gslab_make.modify_dir.unzip.html | 2022-07-28 18:23:29 | 6505
/oak/stanford/groups/gentzkow/jccp/sherlock_test/lib/gslab_make/sphinx/source/pages/utility.rst | 2022-07-28 18:23:29 | 327
/oak/stanford/groups/gentzkow/jccp/sherlock_test/lib/gslab_make/test/raw/config/config_bad.yaml | 2022-07-28 18:23:29 | 987
/oak/stanford/groups/gentzkow/jccp/sherlock_test/lib/gslab_make/sphinx/build/html/_static/css/fonts/lato-bold.woff | 2022-07-28 18:23:29 | 309728
/oak/stanford/groups/gentzkow/jccp/sherlock_test/lib/gslab_make/test/raw/run_program/lyx_file_handout.lyx | 2022-07-28 18:23:29 | 2000
/oak/stanford/groups/gentzkow/jccp/sherlock_test/lib/gslab_make/sphinx/source/pages/api/write_logs/gslab_make.write_logs.start_makelog.rst | 2022-07-28 18:23:29 | 103
/oak/stanford/groups/gentzkow/jccp/sherlock_test/lib/gslab_make/sphinx/build/html/_sources/pages/api/write_logs/gslab_make.write_logs.write_to_makelog.rst.txt | 2022-07-28 18:23:29 | 112
